<?xml version="1.0" encoding="UTF-8"?>
<!-- Generated by org.testng.reporters.JUnitReportReporter -->
<testsuite skipped="0" hostname="DESKTOP-GRSR7JO" name="TestNG.Flag7" tests="5000" failures="0" timestamp="2022-08-23T11:30:05 IST" time="3.723" errors="0">
  <testcase name="f" time="0.003" classname="TestNG.Flag7"/>
  <system-out>
    <![CDATA[create and delete user]]>
  </system-out>
  <testcase name="f" time="0.000" classname="TestNG.Flag7"/>
  <system-out>
    <![CDATA[create and delete user]]>
  </system-out>
  <testcase name="f" time="0.001" classname="TestNG.Flag7"/>
  <system-out>
    <![CDATA[create and delete user]]>
  </system-out>
  <testcase name="f" time="0.000" classname="TestNG.Flag7"/>
  <system-out>
    <![CDATA[create and delete user]]>
  </system-out>
  <testcase name="f" time="0.001" classname="TestNG.Flag7"/>
  <system-out>
    <![CDATA[create and delete user]]>
  </system-out>
  <testcase name="f" time="0.000" classname="TestNG.Flag7"/>
  <system-out>
    <![CDATA[create and delete user]]>
  </system-out>
  <testcase name="f" time="0.000" classname="TestNG.Flag7"/>
  <system-out>
    <![CDATA[create and delete user]]>
  </system-out>
  <testcase name="f" time="0.000" classname="TestNG.Flag7"/>
  <system-out>
    <![CDATA[create and delete user]]>
  </system-out>
  <testcase name="f" time="0.000" classname="TestNG.Flag7"/>
  <system-out>
    <![CDATA[create and delete user]]>
  </system-out>
  <testcase name="f" time="0.000" classname="TestNG.Flag7"/>
  <system-out>
    <![CDATA[create and delete user]]>
  </system-out>
  <testcase name="f" time="0.000" classname="TestNG.Flag7"/>
  <system-out>
    <![CDATA[create and delete user]]>
  </system-out>
  <testcase name="f" time="0.001" classname="TestNG.Flag7"/>
  <system-out>
    <![CDATA[create and delete user]]>
  </system-out>
  <testcase name="f" time="0.000" classname="TestNG.Flag7"/>
  <system-out>
    <![CDATA[create and delete user]]>
  </system-out>
  <testcase name="f" time="0.000" classname="TestNG.Flag7"/>
  <system-out>
    <![CDATA[create and delete user]]>
  </system-out>
  <testcase name="f" time="0.001" classname="TestNG.Flag7"/>
  <system-out>
    <![CDATA[create and delete user]]>
  </system-out>
  <testcase name="f" time="0.001" classname="TestNG.Flag7"/>
  <system-out>
    <![CDATA[create and delete user]]>
  </system-out>
  <testcase name="f" time="0.001" classname="TestNG.Flag7"/>
  <system-out>
    <![CDATA[create and delete user]]>
  </system-out>
  <testcase name="f" time="0.000" classname="TestNG.Flag7"/>
  <system-out>
    <![CDATA[create and delete user]]>
  </system-out>
  <testcase name="f" time="0.001" classname="TestNG.Flag7"/>
  <system-out>
    <![CDATA[create and delete user]]>
  </system-out>
  <testcase name="f" time="0.000" classname="TestNG.Flag7"/>
  <system-out>
    <![CDATA[create and delete user]]>
  </system-out>
  <testcase name="f" time="0.000" classname="TestNG.Flag7"/>
  <system-out>
    <![CDATA[create and delete user]]>
  </system-out>
  <testcase name="f" time="0.001" classname="TestNG.Flag7"/>
  <system-out>
    <![CDATA[create and delete user]]>
  </system-out>
  <testcase name="f" time="0.001" classname="TestNG.Flag7"/>
  <system-out>
    <![CDATA[create and delete user]]>
  </system-out>
  <testcase name="f" time="0.000" classname="TestNG.Flag7"/>
  <system-out>
    <![CDATA[create and delete user]]>
  </system-out>
  <testcase name="f" time="0.001" classname="TestNG.Flag7"/>
  <system-out>
    <![CDATA[create and delete user]]>
  </system-out>
  <testcase name="f" time="0.000" classname="TestNG.Flag7"/>
  <system-out>
    <![CDATA[create and delete user]]>
  </system-out>
  <testcase name="f" time="0.000" classname="TestNG.Flag7"/>
  <system-out>
    <![CDATA[create and delete user]]>
  </system-out>
  <testcase name="f" time="0.001" classname="TestNG.Flag7"/>
  <system-out>
    <![CDATA[create and delete user]]>
  </system-out>
  <testcase name="f" time="0.000" classname="TestNG.Flag7"/>
  <system-out>
    <![CDATA[create and delete user]]>
  </system-out>
  <testcase name="f" time="0.000" classname="TestNG.Flag7"/>
  <system-out>
    <![CDATA[create and delete user]]>
  </system-out>
  <testcase name="f" time="0.000" classname="TestNG.Flag7"/>
  <system-out>
    <![CDATA[create and delete user]]>
  </system-out>
  <testcase name="f" time="0.001" classname="TestNG.Flag7"/>
  <system-out>
    <![CDATA[create and delete user]]>
  </system-out>
  <testcase name="f" time="0.000" classname="TestNG.Flag7"/>
  <system-out>
    <![CDATA[create and delete user]]>
  </system-out>
  <testcase name="f" time="0.000" classname="TestNG.Flag7"/>
  <system-out>
    <![CDATA[create and delete user]]>
  </system-out>
  <testcase name="f" time="0.000" classname="TestNG.Flag7"/>
  <system-out>
    <![CDATA[create and delete user]]>
  </system-out>
  <testcase name="f" time="0.000" classname="TestNG.Flag7"/>
  <system-out>
    <![CDATA[create and delete user]]>
  </system-out>
  <testcase name="f" time="0.000" classname="TestNG.Flag7"/>
  <system-out>
    <![CDATA[create and delete user]]>
  </system-out>
  <testcase name="f" time="0.000" classname="TestNG.Flag7"/>
  <system-out>
    <![CDATA[create and delete user]]>
  </system-out>
  <testcase name="f" time="0.001" classname="TestNG.Flag7"/>
  <system-out>
    <![CDATA[create and delete user]]>
  </system-out>
  <testcase name="f" time="0.000" classname="TestNG.Flag7"/>
  <system-out>
    <![CDATA[create and delete user]]>
  </system-out>
  <testcase name="f" time="0.001" classname="TestNG.Flag7"/>
  <system-out>
    <![CDATA[create and delete user]]>
  </system-out>
  <testcase name="f" time="0.001" classname="TestNG.Flag7"/>
  <system-out>
    <![CDATA[create and delete user]]>
  </system-out>
  <testcase name="f" time="0.001" classname="TestNG.Flag7"/>
  <system-out>
    <![CDATA[create and delete user]]>
  </system-out>
  <testcase name="f" time="0.000" classname="TestNG.Flag7"/>
  <system-out>
    <![CDATA[create and delete user]]>
  </system-out>
  <testcase name="f" time="0.001" classname="TestNG.Flag7"/>
  <system-out>
    <![CDATA[create and delete user]]>
  </system-out>
  <testcase name="f" time="0.000" classname="TestNG.Flag7"/>
  <system-out>
    <![CDATA[create and delete user]]>
  </system-out>
  <testcase name="f" time="0.000" classname="TestNG.Flag7"/>
  <system-out>
    <![CDATA[create and delete user]]>
  </system-out>
  <testcase name="f" time="0.000" classname="TestNG.Flag7"/>
  <system-out>
    <![CDATA[create and delete user]]>
  </system-out>
  <testcase name="f" time="0.001" classname="TestNG.Flag7"/>
  <system-out>
    <![CDATA[create and delete user]]>
  </system-out>
  <testcase name="f" time="0.001" classname="TestNG.Flag7"/>
  <system-out>
    <![CDATA[create and delete user]]>
  </system-out>
  <testcase name="f" time="0.000" classname="TestNG.Flag7"/>
  <system-out>
    <![CDATA[create and delete user]]>
  </system-out>
  <testcase name="f" time="0.000" classname="TestNG.Flag7"/>
  <system-out>
    <![CDATA[create and delete user]]>
  </system-out>
  <testcase name="f" time="0.001" classname="TestNG.Flag7"/>
  <system-out>
    <![CDATA[create and delete user]]>
  </system-out>
  <testcase name="f" time="0.001" classname="TestNG.Flag7"/>
  <system-out>
    <![CDATA[create and delete user]]>
  </system-out>
  <testcase name="f" time="0.001" classname="TestNG.Flag7"/>
  <system-out>
    <![CDATA[create and delete user]]>
  </system-out>
  <testcase name="f" time="0.000" classname="TestNG.Flag7"/>
  <system-out>
    <![CDATA[create and delete user]]>
  </system-out>
  <testcase name="f" time="0.000" classname="TestNG.Flag7"/>
  <system-out>
    <![CDATA[create and delete user]]>
  </system-out>
  <testcase name="f" time="0.000" classname="TestNG.Flag7"/>
  <system-out>
    <![CDATA[create and delete user]]>
  </system-out>
  <testcase name="f" time="0.000" classname="TestNG.Flag7"/>
  <system-out>
    <![CDATA[create and delete user]]>
  </system-out>
  <testcase name="f" time="0.000" classname="TestNG.Flag7"/>
  <system-out>
    <![CDATA[create and delete user]]>
  </system-out>
  <testcase name="f" time="0.001" classname="TestNG.Flag7"/>
  <system-out>
    <![CDATA[create and delete user]]>
  </system-out>
  <testcase name="f" time="0.001" classname="TestNG.Flag7"/>
  <system-out>
    <![CDATA[create and delete user]]>
  </system-out>
  <testcase name="f" time="0.000" classname="TestNG.Flag7"/>
  <system-out>
    <![CDATA[create and delete user]]>
  </system-out>
  <testcase name="f" time="0.001" classname="TestNG.Flag7"/>
  <system-out>
    <![CDATA[create and delete user]]>
  </system-out>
  <testcase name="f" time="0.000" classname="TestNG.Flag7"/>
  <system-out>
    <![CDATA[create and delete user]]>
  </system-out>
  <testcase name="f" time="0.000" classname="TestNG.Flag7"/>
  <system-out>
    <![CDATA[create and delete user]]>
  </system-out>
  <testcase name="f" time="0.000" classname="TestNG.Flag7"/>
  <system-out>
    <![CDATA[create and delete user]]>
  </system-out>
  <testcase name="f" time="0.000" classname="TestNG.Flag7"/>
  <system-out>
    <![CDATA[create and delete user]]>
  </system-out>
  <testcase name="f" time="0.000" classname="TestNG.Flag7"/>
  <system-out>
    <![CDATA[create and delete user]]>
  </system-out>
  <testcase name="f" time="0.001" classname="TestNG.Flag7"/>
  <system-out>
    <![CDATA[create and delete user]]>
  </system-out>
  <testcase name="f" time="0.001" classname="TestNG.Flag7"/>
  <system-out>
    <![CDATA[create and delete user]]>
  </system-out>
  <testcase name="f" time="0.000" classname="TestNG.Flag7"/>
  <system-out>
    <![CDATA[create and delete user]]>
  </system-out>
  <testcase name="f" time="0.000" classname="TestNG.Flag7"/>
  <system-out>
    <![CDATA[create and delete user]]>
  </system-out>
  <testcase name="f" time="0.001" classname="TestNG.Flag7"/>
  <system-out>
    <![CDATA[create and delete user]]>
  </system-out>
  <testcase name="f" time="0.001" classname="TestNG.Flag7"/>
  <system-out>
    <![CDATA[create and delete user]]>
  </system-out>
  <testcase name="f" time="0.001" classname="TestNG.Flag7"/>
  <system-out>
    <![CDATA[create and delete user]]>
  </system-out>
  <testcase name="f" time="0.000" classname="TestNG.Flag7"/>
  <system-out>
    <![CDATA[create and delete user]]>
  </system-out>
  <testcase name="f" time="0.000" classname="TestNG.Flag7"/>
  <system-out>
    <![CDATA[create and delete user]]>
  </system-out>
  <testcase name="f" time="0.000" classname="TestNG.Flag7"/>
  <system-out>
    <![CDATA[create and delete user]]>
  </system-out>
  <testcase name="f" time="0.000" classname="TestNG.Flag7"/>
  <system-out>
    <![CDATA[create and delete user]]>
  </system-out>
  <testcase name="f" time="0.001" classname="TestNG.Flag7"/>
  <system-out>
    <![CDATA[create and delete user]]>
  </system-out>
  <testcase name="f" time="0.000" classname="TestNG.Flag7"/>
  <system-out>
    <![CDATA[create and delete user]]>
  </system-out>
  <testcase name="f" time="0.000" classname="TestNG.Flag7"/>
  <system-out>
    <![CDATA[create and delete user]]>
  </system-out>
  <testcase name="f" time="0.001" classname="TestNG.Flag7"/>
  <system-out>
    <![CDATA[create and delete user]]>
  </system-out>
  <testcase name="f" time="0.001" classname="TestNG.Flag7"/>
  <system-out>
    <![CDATA[create and delete user]]>
  </system-out>
  <testcase name="f" time="0.000" classname="TestNG.Flag7"/>
  <system-out>
    <![CDATA[create and delete user]]>
  </system-out>
  <testcase name="f" time="0.001" classname="TestNG.Flag7"/>
  <system-out>
    <![CDATA[create and delete user]]>
  </system-out>
  <testcase name="f" time="0.000" classname="TestNG.Flag7"/>
  <system-out>
    <![CDATA[create and delete user]]>
  </system-out>
  <testcase name="f" time="0.000" classname="TestNG.Flag7"/>
  <system-out>
    <![CDATA[create and delete user]]>
  </system-out>
  <testcase name="f" time="0.000" classname="TestNG.Flag7"/>
  <system-out>
    <![CDATA[create and delete user]]>
  </system-out>
  <testcase name="f" time="0.001" classname="TestNG.Flag7"/>
  <system-out>
    <![CDATA[create and delete user]]>
  </system-out>
  <testcase name="f" time="0.001" classname="TestNG.Flag7"/>
  <system-out>
    <![CDATA[create and delete user]]>
  </system-out>
  <testcase name="f" time="0.001" classname="TestNG.Flag7"/>
  <system-out>
    <![CDATA[create and delete user]]>
  </system-out>
  <testcase name="f" time="0.000" classname="TestNG.Flag7"/>
  <system-out>
    <![CDATA[create and delete user]]>
  </system-out>
  <testcase name="f" time="0.000" classname="TestNG.Flag7"/>
  <system-out>
    <![CDATA[create and delete user]]>
  </system-out>
  <testcase name="f" time="0.001" classname="TestNG.Flag7"/>
  <system-out>
    <![CDATA[create and delete user]]>
  </system-out>
  <testcase name="f" time="0.000" classname="TestNG.Flag7"/>
  <system-out>
    <![CDATA[create and delete user]]>
  </system-out>
  <testcase name="f" time="0.000" classname="TestNG.Flag7"/>
  <system-out>
    <![CDATA[create and delete user]]>
  </system-out>
  <testcase name="f" time="0.001" classname="TestNG.Flag7"/>
  <system-out>
    <![CDATA[create and delete user]]>
  </system-out>
  <testcase name="f" time="0.001" classname="TestNG.Flag7"/>
  <system-out>
    <![CDATA[create and delete user]]>
  </system-out>
  <testcase name="f" time="0.001" classname="TestNG.Flag7"/>
  <system-out>
    <![CDATA[create and delete user]]>
  </system-out>
  <testcase name="f" time="0.001" classname="TestNG.Flag7"/>
  <system-out>
    <![CDATA[create and delete user]]>
  </system-out>
  <testcase name="f" time="0.000" classname="TestNG.Flag7"/>
  <system-out>
    <![CDATA[create and delete user]]>
  </system-out>
  <testcase name="f" time="0.001" classname="TestNG.Flag7"/>
  <system-out>
    <![CDATA[create and delete user]]>
  </system-out>
  <testcase name="f" time="0.001" classname="TestNG.Flag7"/>
  <system-out>
    <![CDATA[create and delete user]]>
  </system-out>
  <testcase name="f" time="0.000" classname="TestNG.Flag7"/>
  <system-out>
    <![CDATA[create and delete user]]>
  </system-out>
  <testcase name="f" time="0.000" classname="TestNG.Flag7"/>
  <system-out>
    <![CDATA[create and delete user]]>
  </system-out>
  <testcase name="f" time="0.000" classname="TestNG.Flag7"/>
  <system-out>
    <![CDATA[create and delete user]]>
  </system-out>
  <testcase name="f" time="0.001" classname="TestNG.Flag7"/>
  <system-out>
    <![CDATA[create and delete user]]>
  </system-out>
  <testcase name="f" time="0.001" classname="TestNG.Flag7"/>
  <system-out>
    <![CDATA[create and delete user]]>
  </system-out>
  <testcase name="f" time="0.000" classname="TestNG.Flag7"/>
  <system-out>
    <![CDATA[create and delete user]]>
  </system-out>
  <testcase name="f" time="0.000" classname="TestNG.Flag7"/>
  <system-out>
    <![CDATA[create and delete user]]>
  </system-out>
  <testcase name="f" time="0.001" classname="TestNG.Flag7"/>
  <system-out>
    <![CDATA[create and delete user]]>
  </system-out>
  <testcase name="f" time="0.001" classname="TestNG.Flag7"/>
  <system-out>
    <![CDATA[create and delete user]]>
  </system-out>
  <testcase name="f" time="0.000" classname="TestNG.Flag7"/>
  <system-out>
    <![CDATA[create and delete user]]>
  </system-out>
  <testcase name="f" time="0.000" classname="TestNG.Flag7"/>
  <system-out>
    <![CDATA[create and delete user]]>
  </system-out>
  <testcase name="f" time="0.000" classname="TestNG.Flag7"/>
  <system-out>
    <![CDATA[create and delete user]]>
  </system-out>
  <testcase name="f" time="0.000" classname="TestNG.Flag7"/>
  <system-out>
    <![CDATA[create and delete user]]>
  </system-out>
  <testcase name="f" time="0.001" classname="TestNG.Flag7"/>
  <system-out>
    <![CDATA[create and delete user]]>
  </system-out>
  <testcase name="f" time="0.001" classname="TestNG.Flag7"/>
  <system-out>
    <![CDATA[create and delete user]]>
  </system-out>
  <testcase name="f" time="0.001" classname="TestNG.Flag7"/>
  <system-out>
    <![CDATA[create and delete user]]>
  </system-out>
  <testcase name="f" time="0.000" classname="TestNG.Flag7"/>
  <system-out>
    <![CDATA[create and delete user]]>
  </system-out>
  <testcase name="f" time="0.001" classname="TestNG.Flag7"/>
  <system-out>
    <![CDATA[create and delete user]]>
  </system-out>
  <testcase name="f" time="0.000" classname="TestNG.Flag7"/>
  <system-out>
    <![CDATA[create and delete user]]>
  </system-out>
  <testcase name="f" time="0.001" classname="TestNG.Flag7"/>
  <system-out>
    <![CDATA[create and delete user]]>
  </system-out>
  <testcase name="f" time="0.000" classname="TestNG.Flag7"/>
  <system-out>
    <![CDATA[create and delete user]]>
  </system-out>
  <testcase name="f" time="0.000" classname="TestNG.Flag7"/>
  <system-out>
    <![CDATA[create and delete user]]>
  </system-out>
  <testcase name="f" time="0.001" classname="TestNG.Flag7"/>
  <system-out>
    <![CDATA[create and delete user]]>
  </system-out>
  <testcase name="f" time="0.001" classname="TestNG.Flag7"/>
  <system-out>
    <![CDATA[create and delete user]]>
  </system-out>
  <testcase name="f" time="0.000" classname="TestNG.Flag7"/>
  <system-out>
    <![CDATA[create and delete user]]>
  </system-out>
  <testcase name="f" time="0.000" classname="TestNG.Flag7"/>
  <system-out>
    <![CDATA[create and delete user]]>
  </system-out>
  <testcase name="f" time="0.000" classname="TestNG.Flag7"/>
  <system-out>
    <![CDATA[create and delete user]]>
  </system-out>
  <testcase name="f" time="0.000" classname="TestNG.Flag7"/>
  <system-out>
    <![CDATA[create and delete user]]>
  </system-out>
  <testcase name="f" time="0.000" classname="TestNG.Flag7"/>
  <system-out>
    <![CDATA[create and delete user]]>
  </system-out>
  <testcase name="f" time="0.001" classname="TestNG.Flag7"/>
  <system-out>
    <![CDATA[create and delete user]]>
  </system-out>
  <testcase name="f" time="0.003" classname="TestNG.Flag7"/>
  <system-out>
    <![CDATA[create and delete user]]>
  </system-out>
  <testcase name="f" time="0.000" classname="TestNG.Flag7"/>
  <system-out>
    <![CDATA[create and delete user]]>
  </system-out>
  <testcase name="f" time="0.000" classname="TestNG.Flag7"/>
  <system-out>
    <![CDATA[create and delete user]]>
  </system-out>
  <testcase name="f" time="0.000" classname="TestNG.Flag7"/>
  <system-out>
    <![CDATA[create and delete user]]>
  </system-out>
  <testcase name="f" time="0.001" classname="TestNG.Flag7"/>
  <system-out>
    <![CDATA[create and delete user]]>
  </system-out>
  <testcase name="f" time="0.001" classname="TestNG.Flag7"/>
  <system-out>
    <![CDATA[create and delete user]]>
  </system-out>
  <testcase name="f" time="0.000" classname="TestNG.Flag7"/>
  <system-out>
    <![CDATA[create and delete user]]>
  </system-out>
  <testcase name="f" time="0.000" classname="TestNG.Flag7"/>
  <system-out>
    <![CDATA[create and delete user]]>
  </system-out>
  <testcase name="f" time="0.000" classname="TestNG.Flag7"/>
  <system-out>
    <![CDATA[create and delete user]]>
  </system-out>
  <testcase name="f" time="0.001" classname="TestNG.Flag7"/>
  <system-out>
    <![CDATA[create and delete user]]>
  </system-out>
  <testcase name="f" time="0.127" classname="TestNG.Flag7"/>
  <system-out>
    <![CDATA[create and delete user]]>
  </system-out>
  <testcase name="f" time="0.000" classname="TestNG.Flag7"/>
  <system-out>
    <![CDATA[create and delete user]]>
  </system-out>
  <testcase name="f" time="0.001" classname="TestNG.Flag7"/>
  <system-out>
    <![CDATA[create and delete user]]>
  </system-out>
  <testcase name="f" time="0.000" classname="TestNG.Flag7"/>
  <system-out>
    <![CDATA[create and delete user]]>
  </system-out>
  <testcase name="f" time="0.001" classname="TestNG.Flag7"/>
  <system-out>
    <![CDATA[create and delete user]]>
  </system-out>
  <testcase name="f" time="0.000" classname="TestNG.Flag7"/>
  <system-out>
    <![CDATA[create and delete user]]>
  </system-out>
  <testcase name="f" time="0.002" classname="TestNG.Flag7"/>
  <system-out>
    <![CDATA[create and delete user]]>
  </system-out>
  <testcase name="f" time="0.002" classname="TestNG.Flag7"/>
  <system-out>
    <![CDATA[create and delete user]]>
  </system-out>
  <testcase name="f" time="0.000" classname="TestNG.Flag7"/>
  <system-out>
    <![CDATA[create and delete user]]>
  </system-out>
  <testcase name="f" time="0.000" classname="TestNG.Flag7"/>
  <system-out>
    <![CDATA[create and delete user]]>
  </system-out>
  <testcase name="f" time="0.001" classname="TestNG.Flag7"/>
  <system-out>
    <![CDATA[create and delete user]]>
  </system-out>
  <testcase name="f" time="0.000" classname="TestNG.Flag7"/>
  <system-out>
    <![CDATA[create and delete user]]>
  </system-out>
  <testcase name="f" time="0.001" classname="TestNG.Flag7"/>
  <system-out>
    <![CDATA[create and delete user]]>
  </system-out>
  <testcase name="f" time="0.000" classname="TestNG.Flag7"/>
  <system-out>
    <![CDATA[create and delete user]]>
  </system-out>
  <testcase name="f" time="0.006" classname="TestNG.Flag7"/>
  <system-out>
    <![CDATA[create and delete user]]>
  </system-out>
  <testcase name="f" time="0.000" classname="TestNG.Flag7"/>
  <system-out>
    <![CDATA[create and delete user]]>
  </system-out>
  <testcase name="f" time="0.006" classname="TestNG.Flag7"/>
  <system-out>
    <![CDATA[create and delete user]]>
  </system-out>
  <testcase name="f" time="0.000" classname="TestNG.Flag7"/>
  <system-out>
    <![CDATA[create and delete user]]>
  </system-out>
  <testcase name="f" time="0.001" classname="TestNG.Flag7"/>
  <system-out>
    <![CDATA[create and delete user]]>
  </system-out>
  <testcase name="f" time="0.000" classname="TestNG.Flag7"/>
  <system-out>
    <![CDATA[create and delete user]]>
  </system-out>
  <testcase name="f" time="0.001" classname="TestNG.Flag7"/>
  <system-out>
    <![CDATA[create and delete user]]>
  </system-out>
  <testcase name="f" time="0.000" classname="TestNG.Flag7"/>
  <system-out>
    <![CDATA[create and delete user]]>
  </system-out>
  <testcase name="f" time="0.000" classname="TestNG.Flag7"/>
  <system-out>
    <![CDATA[create and delete user]]>
  </system-out>
  <testcase name="f" time="0.000" classname="TestNG.Flag7"/>
  <system-out>
    <![CDATA[create and delete user]]>
  </system-out>
  <testcase name="f" time="0.000" classname="TestNG.Flag7"/>
  <system-out>
    <![CDATA[create and delete user]]>
  </system-out>
  <testcase name="f" time="0.000" classname="TestNG.Flag7"/>
  <system-out>
    <![CDATA[create and delete user]]>
  </system-out>
  <testcase name="f" time="0.000" classname="TestNG.Flag7"/>
  <system-out>
    <![CDATA[create and delete user]]>
  </system-out>
  <testcase name="f" time="0.001" classname="TestNG.Flag7"/>
  <system-out>
    <![CDATA[create and delete user]]>
  </system-out>
  <testcase name="f" time="0.000" classname="TestNG.Flag7"/>
  <system-out>
    <![CDATA[create and delete user]]>
  </system-out>
  <testcase name="f" time="0.000" classname="TestNG.Flag7"/>
  <system-out>
    <![CDATA[create and delete user]]>
  </system-out>
  <testcase name="f" time="0.000" classname="TestNG.Flag7"/>
  <system-out>
    <![CDATA[create and delete user]]>
  </system-out>
  <testcase name="f" time="0.000" classname="TestNG.Flag7"/>
  <system-out>
    <![CDATA[create and delete user]]>
  </system-out>
  <testcase name="f" time="0.001" classname="TestNG.Flag7"/>
  <system-out>
    <![CDATA[create and delete user]]>
  </system-out>
  <testcase name="f" time="0.000" classname="TestNG.Flag7"/>
  <system-out>
    <![CDATA[create and delete user]]>
  </system-out>
  <testcase name="f" time="0.001" classname="TestNG.Flag7"/>
  <system-out>
    <![CDATA[create and delete user]]>
  </system-out>
  <testcase name="f" time="0.001" classname="TestNG.Flag7"/>
  <system-out>
    <![CDATA[create and delete user]]>
  </system-out>
  <testcase name="f" time="0.000" classname="TestNG.Flag7"/>
  <system-out>
    <![CDATA[create and delete user]]>
  </system-out>
  <testcase name="f" time="0.000" classname="TestNG.Flag7"/>
  <system-out>
    <![CDATA[create and delete user]]>
  </system-out>
  <testcase name="f" time="0.001" classname="TestNG.Flag7"/>
  <system-out>
    <![CDATA[create and delete user]]>
  </system-out>
  <testcase name="f" time="0.001" classname="TestNG.Flag7"/>
  <system-out>
    <![CDATA[create and delete user]]>
  </system-out>
  <testcase name="f" time="0.001" classname="TestNG.Flag7"/>
  <system-out>
    <![CDATA[create and delete user]]>
  </system-out>
  <testcase name="f" time="0.001" classname="TestNG.Flag7"/>
  <system-out>
    <![CDATA[create and delete user]]>
  </system-out>
  <testcase name="f" time="0.000" classname="TestNG.Flag7"/>
  <system-out>
    <![CDATA[create and delete user]]>
  </system-out>
  <testcase name="f" time="0.001" classname="TestNG.Flag7"/>
  <system-out>
    <![CDATA[create and delete user]]>
  </system-out>
  <testcase name="f" time="0.000" classname="TestNG.Flag7"/>
  <system-out>
    <![CDATA[create and delete user]]>
  </system-out>
  <testcase name="f" time="0.001" classname="TestNG.Flag7"/>
  <system-out>
    <![CDATA[create and delete user]]>
  </system-out>
  <testcase name="f" time="0.000" classname="TestNG.Flag7"/>
  <system-out>
    <![CDATA[create and delete user]]>
  </system-out>
  <testcase name="f" time="0.002" classname="TestNG.Flag7"/>
  <system-out>
    <![CDATA[create and delete user]]>
  </system-out>
  <testcase name="f" time="0.002" classname="TestNG.Flag7"/>
  <system-out>
    <![CDATA[create and delete user]]>
  </system-out>
  <testcase name="f" time="0.000" classname="TestNG.Flag7"/>
  <system-out>
    <![CDATA[create and delete user]]>
  </system-out>
  <testcase name="f" time="0.000" classname="TestNG.Flag7"/>
  <system-out>
    <![CDATA[create and delete user]]>
  </system-out>
  <testcase name="f" time="0.001" classname="TestNG.Flag7"/>
  <system-out>
    <![CDATA[create and delete user]]>
  </system-out>
  <testcase name="f" time="0.000" classname="TestNG.Flag7"/>
  <system-out>
    <![CDATA[create and delete user]]>
  </system-out>
  <testcase name="f" time="0.000" classname="TestNG.Flag7"/>
  <system-out>
    <![CDATA[create and delete user]]>
  </system-out>
  <testcase name="f" time="0.000" classname="TestNG.Flag7"/>
  <system-out>
    <![CDATA[create and delete user]]>
  </system-out>
  <testcase name="f" time="0.001" classname="TestNG.Flag7"/>
  <system-out>
    <![CDATA[create and delete user]]>
  </system-out>
  <testcase name="f" time="0.000" classname="TestNG.Flag7"/>
  <system-out>
    <![CDATA[create and delete user]]>
  </system-out>
  <testcase name="f" time="0.001" classname="TestNG.Flag7"/>
  <system-out>
    <![CDATA[create and delete user]]>
  </system-out>
  <testcase name="f" time="0.000" classname="TestNG.Flag7"/>
  <system-out>
    <![CDATA[create and delete user]]>
  </system-out>
  <testcase name="f" time="0.001" classname="TestNG.Flag7"/>
  <system-out>
    <![CDATA[create and delete user]]>
  </system-out>
  <testcase name="f" time="0.000" classname="TestNG.Flag7"/>
  <system-out>
    <![CDATA[create and delete user]]>
  </system-out>
  <testcase name="f" time="0.001" classname="TestNG.Flag7"/>
  <system-out>
    <![CDATA[create and delete user]]>
  </system-out>
  <testcase name="f" time="0.000" classname="TestNG.Flag7"/>
  <system-out>
    <![CDATA[create and delete user]]>
  </system-out>
  <testcase name="f" time="0.000" classname="TestNG.Flag7"/>
  <system-out>
    <![CDATA[create and delete user]]>
  </system-out>
  <testcase name="f" time="0.000" classname="TestNG.Flag7"/>
  <system-out>
    <![CDATA[create and delete user]]>
  </system-out>
  <testcase name="f" time="0.000" classname="TestNG.Flag7"/>
  <system-out>
    <![CDATA[create and delete user]]>
  </system-out>
  <testcase name="f" time="0.000" classname="TestNG.Flag7"/>
  <system-out>
    <![CDATA[create and delete user]]>
  </system-out>
  <testcase name="f" time="0.001" classname="TestNG.Flag7"/>
  <system-out>
    <![CDATA[create and delete user]]>
  </system-out>
  <testcase name="f" time="0.001" classname="TestNG.Flag7"/>
  <system-out>
    <![CDATA[create and delete user]]>
  </system-out>
  <testcase name="f" time="0.000" classname="TestNG.Flag7"/>
  <system-out>
    <![CDATA[create and delete user]]>
  </system-out>
  <testcase name="f" time="0.001" classname="TestNG.Flag7"/>
  <system-out>
    <![CDATA[create and delete user]]>
  </system-out>
  <testcase name="f" time="0.007" classname="TestNG.Flag7"/>
  <system-out>
    <![CDATA[create and delete user]]>
  </system-out>
  <testcase name="f" time="0.001" classname="TestNG.Flag7"/>
  <system-out>
    <![CDATA[create and delete user]]>
  </system-out>
  <testcase name="f" time="0.001" classname="TestNG.Flag7"/>
  <system-out>
    <![CDATA[create and delete user]]>
  </system-out>
  <testcase name="f" time="0.000" classname="TestNG.Flag7"/>
  <system-out>
    <![CDATA[create and delete user]]>
  </system-out>
  <testcase name="f" time="0.000" classname="TestNG.Flag7"/>
  <system-out>
    <![CDATA[create and delete user]]>
  </system-out>
  <testcase name="f" time="0.000" classname="TestNG.Flag7"/>
  <system-out>
    <![CDATA[create and delete user]]>
  </system-out>
  <testcase name="f" time="0.001" classname="TestNG.Flag7"/>
  <system-out>
    <![CDATA[create and delete user]]>
  </system-out>
  <testcase name="f" time="0.001" classname="TestNG.Flag7"/>
  <system-out>
    <![CDATA[create and delete user]]>
  </system-out>
  <testcase name="f" time="0.001" classname="TestNG.Flag7"/>
  <system-out>
    <![CDATA[create and delete user]]>
  </system-out>
  <testcase name="f" time="0.001" classname="TestNG.Flag7"/>
  <system-out>
    <![CDATA[create and delete user]]>
  </system-out>
  <testcase name="f" time="0.004" classname="TestNG.Flag7"/>
  <system-out>
    <![CDATA[create and delete user]]>
  </system-out>
  <testcase name="f" time="0.001" classname="TestNG.Flag7"/>
  <system-out>
    <![CDATA[create and delete user]]>
  </system-out>
  <testcase name="f" time="0.000" classname="TestNG.Flag7"/>
  <system-out>
    <![CDATA[create and delete user]]>
  </system-out>
  <testcase name="f" time="0.000" classname="TestNG.Flag7"/>
  <system-out>
    <![CDATA[create and delete user]]>
  </system-out>
  <testcase name="f" time="0.001" classname="TestNG.Flag7"/>
  <system-out>
    <![CDATA[create and delete user]]>
  </system-out>
  <testcase name="f" time="0.000" classname="TestNG.Flag7"/>
  <system-out>
    <![CDATA[create and delete user]]>
  </system-out>
  <testcase name="f" time="0.000" classname="TestNG.Flag7"/>
  <system-out>
    <![CDATA[create and delete user]]>
  </system-out>
  <testcase name="f" time="0.000" classname="TestNG.Flag7"/>
  <system-out>
    <![CDATA[create and delete user]]>
  </system-out>
  <testcase name="f" time="0.000" classname="TestNG.Flag7"/>
  <system-out>
    <![CDATA[create and delete user]]>
  </system-out>
  <testcase name="f" time="0.000" classname="TestNG.Flag7"/>
  <system-out>
    <![CDATA[create and delete user]]>
  </system-out>
  <testcase name="f" time="0.000" classname="TestNG.Flag7"/>
  <system-out>
    <![CDATA[create and delete user]]>
  </system-out>
  <testcase name="f" time="0.001" classname="TestNG.Flag7"/>
  <system-out>
    <![CDATA[create and delete user]]>
  </system-out>
  <testcase name="f" time="0.000" classname="TestNG.Flag7"/>
  <system-out>
    <![CDATA[create and delete user]]>
  </system-out>
  <testcase name="f" time="0.000" classname="TestNG.Flag7"/>
  <system-out>
    <![CDATA[create and delete user]]>
  </system-out>
  <testcase name="f" time="0.000" classname="TestNG.Flag7"/>
  <system-out>
    <![CDATA[create and delete user]]>
  </system-out>
  <testcase name="f" time="0.002" classname="TestNG.Flag7"/>
  <system-out>
    <![CDATA[create and delete user]]>
  </system-out>
  <testcase name="f" time="0.000" classname="TestNG.Flag7"/>
  <system-out>
    <![CDATA[create and delete user]]>
  </system-out>
  <testcase name="f" time="0.000" classname="TestNG.Flag7"/>
  <system-out>
    <![CDATA[create and delete user]]>
  </system-out>
  <testcase name="f" time="0.001" classname="TestNG.Flag7"/>
  <system-out>
    <![CDATA[create and delete user]]>
  </system-out>
  <testcase name="f" time="0.001" classname="TestNG.Flag7"/>
  <system-out>
    <![CDATA[create and delete user]]>
  </system-out>
  <testcase name="f" time="0.000" classname="TestNG.Flag7"/>
  <system-out>
    <![CDATA[create and delete user]]>
  </system-out>
  <testcase name="f" time="0.003" classname="TestNG.Flag7"/>
  <system-out>
    <![CDATA[create and delete user]]>
  </system-out>
  <testcase name="f" time="0.001" classname="TestNG.Flag7"/>
  <system-out>
    <![CDATA[create and delete user]]>
  </system-out>
  <testcase name="f" time="0.000" classname="TestNG.Flag7"/>
  <system-out>
    <![CDATA[create and delete user]]>
  </system-out>
  <testcase name="f" time="0.001" classname="TestNG.Flag7"/>
  <system-out>
    <![CDATA[create and delete user]]>
  </system-out>
  <testcase name="f" time="0.000" classname="TestNG.Flag7"/>
  <system-out>
    <![CDATA[create and delete user]]>
  </system-out>
  <testcase name="f" time="0.000" classname="TestNG.Flag7"/>
  <system-out>
    <![CDATA[create and delete user]]>
  </system-out>
  <testcase name="f" time="0.000" classname="TestNG.Flag7"/>
  <system-out>
    <![CDATA[create and delete user]]>
  </system-out>
  <testcase name="f" time="0.001" classname="TestNG.Flag7"/>
  <system-out>
    <![CDATA[create and delete user]]>
  </system-out>
  <testcase name="f" time="0.000" classname="TestNG.Flag7"/>
  <system-out>
    <![CDATA[create and delete user]]>
  </system-out>
  <testcase name="f" time="0.001" classname="TestNG.Flag7"/>
  <system-out>
    <![CDATA[create and delete user]]>
  </system-out>
  <testcase name="f" time="0.000" classname="TestNG.Flag7"/>
  <system-out>
    <![CDATA[create and delete user]]>
  </system-out>
  <testcase name="f" time="0.001" classname="TestNG.Flag7"/>
  <system-out>
    <![CDATA[create and delete user]]>
  </system-out>
  <testcase name="f" time="0.001" classname="TestNG.Flag7"/>
  <system-out>
    <![CDATA[create and delete user]]>
  </system-out>
  <testcase name="f" time="0.000" classname="TestNG.Flag7"/>
  <system-out>
    <![CDATA[create and delete user]]>
  </system-out>
  <testcase name="f" time="0.000" classname="TestNG.Flag7"/>
  <system-out>
    <![CDATA[create and delete user]]>
  </system-out>
  <testcase name="f" time="0.000" classname="TestNG.Flag7"/>
  <system-out>
    <![CDATA[create and delete user]]>
  </system-out>
  <testcase name="f" time="0.001" classname="TestNG.Flag7"/>
  <system-out>
    <![CDATA[create and delete user]]>
  </system-out>
  <testcase name="f" time="0.000" classname="TestNG.Flag7"/>
  <system-out>
    <![CDATA[create and delete user]]>
  </system-out>
  <testcase name="f" time="0.001" classname="TestNG.Flag7"/>
  <system-out>
    <![CDATA[create and delete user]]>
  </system-out>
  <testcase name="f" time="0.000" classname="TestNG.Flag7"/>
  <system-out>
    <![CDATA[create and delete user]]>
  </system-out>
  <testcase name="f" time="0.001" classname="TestNG.Flag7"/>
  <system-out>
    <![CDATA[create and delete user]]>
  </system-out>
  <testcase name="f" time="0.001" classname="TestNG.Flag7"/>
  <system-out>
    <![CDATA[create and delete user]]>
  </system-out>
  <testcase name="f" time="0.028" classname="TestNG.Flag7"/>
  <system-out>
    <![CDATA[create and delete user]]>
  </system-out>
  <testcase name="f" time="0.001" classname="TestNG.Flag7"/>
  <system-out>
    <![CDATA[create and delete user]]>
  </system-out>
  <testcase name="f" time="0.000" classname="TestNG.Flag7"/>
  <system-out>
    <![CDATA[create and delete user]]>
  </system-out>
  <testcase name="f" time="0.001" classname="TestNG.Flag7"/>
  <system-out>
    <![CDATA[create and delete user]]>
  </system-out>
  <testcase name="f" time="0.000" classname="TestNG.Flag7"/>
  <system-out>
    <![CDATA[create and delete user]]>
  </system-out>
  <testcase name="f" time="0.000" classname="TestNG.Flag7"/>
  <system-out>
    <![CDATA[create and delete user]]>
  </system-out>
  <testcase name="f" time="0.000" classname="TestNG.Flag7"/>
  <system-out>
    <![CDATA[create and delete user]]>
  </system-out>
  <testcase name="f" time="0.000" classname="TestNG.Flag7"/>
  <system-out>
    <![CDATA[create and delete user]]>
  </system-out>
  <testcase name="f" time="0.002" classname="TestNG.Flag7"/>
  <system-out>
    <![CDATA[create and delete user]]>
  </system-out>
  <testcase name="f" time="0.002" classname="TestNG.Flag7"/>
  <system-out>
    <![CDATA[create and delete user]]>
  </system-out>
  <testcase name="f" time="0.001" classname="TestNG.Flag7"/>
  <system-out>
    <![CDATA[create and delete user]]>
  </system-out>
  <testcase name="f" time="0.000" classname="TestNG.Flag7"/>
  <system-out>
    <![CDATA[create and delete user]]>
  </system-out>
  <testcase name="f" time="0.001" classname="TestNG.Flag7"/>
  <system-out>
    <![CDATA[create and delete user]]>
  </system-out>
  <testcase name="f" time="0.000" classname="TestNG.Flag7"/>
  <system-out>
    <![CDATA[create and delete user]]>
  </system-out>
  <testcase name="f" time="0.000" classname="TestNG.Flag7"/>
  <system-out>
    <![CDATA[create and delete user]]>
  </system-out>
  <testcase name="f" time="0.001" classname="TestNG.Flag7"/>
  <system-out>
    <![CDATA[create and delete user]]>
  </system-out>
  <testcase name="f" time="0.001" classname="TestNG.Flag7"/>
  <system-out>
    <![CDATA[create and delete user]]>
  </system-out>
  <testcase name="f" time="0.000" classname="TestNG.Flag7"/>
  <system-out>
    <![CDATA[create and delete user]]>
  </system-out>
  <testcase name="f" time="0.000" classname="TestNG.Flag7"/>
  <system-out>
    <![CDATA[create and delete user]]>
  </system-out>
  <testcase name="f" time="0.000" classname="TestNG.Flag7"/>
  <system-out>
    <![CDATA[create and delete user]]>
  </system-out>
  <testcase name="f" time="0.000" classname="TestNG.Flag7"/>
  <system-out>
    <![CDATA[create and delete user]]>
  </system-out>
  <testcase name="f" time="0.000" classname="TestNG.Flag7"/>
  <system-out>
    <![CDATA[create and delete user]]>
  </system-out>
  <testcase name="f" time="0.002" classname="TestNG.Flag7"/>
  <system-out>
    <![CDATA[create and delete user]]>
  </system-out>
  <testcase name="f" time="0.001" classname="TestNG.Flag7"/>
  <system-out>
    <![CDATA[create and delete user]]>
  </system-out>
  <testcase name="f" time="0.001" classname="TestNG.Flag7"/>
  <system-out>
    <![CDATA[create and delete user]]>
  </system-out>
  <testcase name="f" time="0.000" classname="TestNG.Flag7"/>
  <system-out>
    <![CDATA[create and delete user]]>
  </system-out>
  <testcase name="f" time="0.000" classname="TestNG.Flag7"/>
  <system-out>
    <![CDATA[create and delete user]]>
  </system-out>
  <testcase name="f" time="0.000" classname="TestNG.Flag7"/>
  <system-out>
    <![CDATA[create and delete user]]>
  </system-out>
  <testcase name="f" time="0.000" classname="TestNG.Flag7"/>
  <system-out>
    <![CDATA[create and delete user]]>
  </system-out>
  <testcase name="f" time="0.000" classname="TestNG.Flag7"/>
  <system-out>
    <![CDATA[create and delete user]]>
  </system-out>
  <testcase name="f" time="0.000" classname="TestNG.Flag7"/>
  <system-out>
    <![CDATA[create and delete user]]>
  </system-out>
  <testcase name="f" time="0.000" classname="TestNG.Flag7"/>
  <system-out>
    <![CDATA[create and delete user]]>
  </system-out>
  <testcase name="f" time="0.000" classname="TestNG.Flag7"/>
  <system-out>
    <![CDATA[create and delete user]]>
  </system-out>
  <testcase name="f" time="0.001" classname="TestNG.Flag7"/>
  <system-out>
    <![CDATA[create and delete user]]>
  </system-out>
  <testcase name="f" time="0.000" classname="TestNG.Flag7"/>
  <system-out>
    <![CDATA[create and delete user]]>
  </system-out>
  <testcase name="f" time="0.001" classname="TestNG.Flag7"/>
  <system-out>
    <![CDATA[create and delete user]]>
  </system-out>
  <testcase name="f" time="0.000" classname="TestNG.Flag7"/>
  <system-out>
    <![CDATA[create and delete user]]>
  </system-out>
  <testcase name="f" time="0.000" classname="TestNG.Flag7"/>
  <system-out>
    <![CDATA[create and delete user]]>
  </system-out>
  <testcase name="f" time="0.000" classname="TestNG.Flag7"/>
  <system-out>
    <![CDATA[create and delete user]]>
  </system-out>
  <testcase name="f" time="0.001" classname="TestNG.Flag7"/>
  <system-out>
    <![CDATA[create and delete user]]>
  </system-out>
  <testcase name="f" time="0.000" classname="TestNG.Flag7"/>
  <system-out>
    <![CDATA[create and delete user]]>
  </system-out>
  <testcase name="f" time="0.001" classname="TestNG.Flag7"/>
  <system-out>
    <![CDATA[create and delete user]]>
  </system-out>
  <testcase name="f" time="0.001" classname="TestNG.Flag7"/>
  <system-out>
    <![CDATA[create and delete user]]>
  </system-out>
  <testcase name="f" time="0.000" classname="TestNG.Flag7"/>
  <system-out>
    <![CDATA[create and delete user]]>
  </system-out>
  <testcase name="f" time="0.001" classname="TestNG.Flag7"/>
  <system-out>
    <![CDATA[create and delete user]]>
  </system-out>
  <testcase name="f" time="0.000" classname="TestNG.Flag7"/>
  <system-out>
    <![CDATA[create and delete user]]>
  </system-out>
  <testcase name="f" time="0.001" classname="TestNG.Flag7"/>
  <system-out>
    <![CDATA[create and delete user]]>
  </system-out>
  <testcase name="f" time="0.000" classname="TestNG.Flag7"/>
  <system-out>
    <![CDATA[create and delete user]]>
  </system-out>
  <testcase name="f" time="0.001" classname="TestNG.Flag7"/>
  <system-out>
    <![CDATA[create and delete user]]>
  </system-out>
  <testcase name="f" time="0.000" classname="TestNG.Flag7"/>
  <system-out>
    <![CDATA[create and delete user]]>
  </system-out>
  <testcase name="f" time="0.000" classname="TestNG.Flag7"/>
  <system-out>
    <![CDATA[create and delete user]]>
  </system-out>
  <testcase name="f" time="0.000" classname="TestNG.Flag7"/>
  <system-out>
    <![CDATA[create and delete user]]>
  </system-out>
  <testcase name="f" time="0.000" classname="TestNG.Flag7"/>
  <system-out>
    <![CDATA[create and delete user]]>
  </system-out>
  <testcase name="f" time="0.000" classname="TestNG.Flag7"/>
  <system-out>
    <![CDATA[create and delete user]]>
  </system-out>
  <testcase name="f" time="0.000" classname="TestNG.Flag7"/>
  <system-out>
    <![CDATA[create and delete user]]>
  </system-out>
  <testcase name="f" time="0.000" classname="TestNG.Flag7"/>
  <system-out>
    <![CDATA[create and delete user]]>
  </system-out>
  <testcase name="f" time="0.000" classname="TestNG.Flag7"/>
  <system-out>
    <![CDATA[create and delete user]]>
  </system-out>
  <testcase name="f" time="0.000" classname="TestNG.Flag7"/>
  <system-out>
    <![CDATA[create and delete user]]>
  </system-out>
  <testcase name="f" time="0.001" classname="TestNG.Flag7"/>
  <system-out>
    <![CDATA[create and delete user]]>
  </system-out>
  <testcase name="f" time="0.001" classname="TestNG.Flag7"/>
  <system-out>
    <![CDATA[create and delete user]]>
  </system-out>
  <testcase name="f" time="0.000" classname="TestNG.Flag7"/>
  <system-out>
    <![CDATA[create and delete user]]>
  </system-out>
  <testcase name="f" time="0.000" classname="TestNG.Flag7"/>
  <system-out>
    <![CDATA[create and delete user]]>
  </system-out>
  <testcase name="f" time="0.000" classname="TestNG.Flag7"/>
  <system-out>
    <![CDATA[create and delete user]]>
  </system-out>
  <testcase name="f" time="0.000" classname="TestNG.Flag7"/>
  <system-out>
    <![CDATA[create and delete user]]>
  </system-out>
  <testcase name="f" time="0.000" classname="TestNG.Flag7"/>
  <system-out>
    <![CDATA[create and delete user]]>
  </system-out>
  <testcase name="f" time="0.000" classname="TestNG.Flag7"/>
  <system-out>
    <![CDATA[create and delete user]]>
  </system-out>
  <testcase name="f" time="0.000" classname="TestNG.Flag7"/>
  <system-out>
    <![CDATA[create and delete user]]>
  </system-out>
  <testcase name="f" time="0.000" classname="TestNG.Flag7"/>
  <system-out>
    <![CDATA[create and delete user]]>
  </system-out>
  <testcase name="f" time="0.001" classname="TestNG.Flag7"/>
  <system-out>
    <![CDATA[create and delete user]]>
  </system-out>
  <testcase name="f" time="0.000" classname="TestNG.Flag7"/>
  <system-out>
    <![CDATA[create and delete user]]>
  </system-out>
  <testcase name="f" time="0.000" classname="TestNG.Flag7"/>
  <system-out>
    <![CDATA[create and delete user]]>
  </system-out>
  <testcase name="f" time="0.000" classname="TestNG.Flag7"/>
  <system-out>
    <![CDATA[create and delete user]]>
  </system-out>
  <testcase name="f" time="0.000" classname="TestNG.Flag7"/>
  <system-out>
    <![CDATA[create and delete user]]>
  </system-out>
  <testcase name="f" time="0.003" classname="TestNG.Flag7"/>
  <system-out>
    <![CDATA[create and delete user]]>
  </system-out>
  <testcase name="f" time="0.000" classname="TestNG.Flag7"/>
  <system-out>
    <![CDATA[create and delete user]]>
  </system-out>
  <testcase name="f" time="0.000" classname="TestNG.Flag7"/>
  <system-out>
    <![CDATA[create and delete user]]>
  </system-out>
  <testcase name="f" time="0.000" classname="TestNG.Flag7"/>
  <system-out>
    <![CDATA[create and delete user]]>
  </system-out>
  <testcase name="f" time="0.000" classname="TestNG.Flag7"/>
  <system-out>
    <![CDATA[create and delete user]]>
  </system-out>
  <testcase name="f" time="0.000" classname="TestNG.Flag7"/>
  <system-out>
    <![CDATA[create and delete user]]>
  </system-out>
  <testcase name="f" time="0.000" classname="TestNG.Flag7"/>
  <system-out>
    <![CDATA[create and delete user]]>
  </system-out>
  <testcase name="f" time="0.000" classname="TestNG.Flag7"/>
  <system-out>
    <![CDATA[create and delete user]]>
  </system-out>
  <testcase name="f" time="0.000" classname="TestNG.Flag7"/>
  <system-out>
    <![CDATA[create and delete user]]>
  </system-out>
  <testcase name="f" time="0.001" classname="TestNG.Flag7"/>
  <system-out>
    <![CDATA[create and delete user]]>
  </system-out>
  <testcase name="f" time="0.000" classname="TestNG.Flag7"/>
  <system-out>
    <![CDATA[create and delete user]]>
  </system-out>
  <testcase name="f" time="0.001" classname="TestNG.Flag7"/>
  <system-out>
    <![CDATA[create and delete user]]>
  </system-out>
  <testcase name="f" time="0.006" classname="TestNG.Flag7"/>
  <system-out>
    <![CDATA[create and delete user]]>
  </system-out>
  <testcase name="f" time="0.000" classname="TestNG.Flag7"/>
  <system-out>
    <![CDATA[create and delete user]]>
  </system-out>
  <testcase name="f" time="0.000" classname="TestNG.Flag7"/>
  <system-out>
    <![CDATA[create and delete user]]>
  </system-out>
  <testcase name="f" time="0.001" classname="TestNG.Flag7"/>
  <system-out>
    <![CDATA[create and delete user]]>
  </system-out>
  <testcase name="f" time="0.000" classname="TestNG.Flag7"/>
  <system-out>
    <![CDATA[create and delete user]]>
  </system-out>
  <testcase name="f" time="0.000" classname="TestNG.Flag7"/>
  <system-out>
    <![CDATA[create and delete user]]>
  </system-out>
  <testcase name="f" time="0.001" classname="TestNG.Flag7"/>
  <system-out>
    <![CDATA[create and delete user]]>
  </system-out>
  <testcase name="f" time="0.000" classname="TestNG.Flag7"/>
  <system-out>
    <![CDATA[create and delete user]]>
  </system-out>
  <testcase name="f" time="0.000" classname="TestNG.Flag7"/>
  <system-out>
    <![CDATA[create and delete user]]>
  </system-out>
  <testcase name="f" time="0.001" classname="TestNG.Flag7"/>
  <system-out>
    <![CDATA[create and delete user]]>
  </system-out>
  <testcase name="f" time="0.000" classname="TestNG.Flag7"/>
  <system-out>
    <![CDATA[create and delete user]]>
  </system-out>
  <testcase name="f" time="0.001" classname="TestNG.Flag7"/>
  <system-out>
    <![CDATA[create and delete user]]>
  </system-out>
  <testcase name="f" time="0.000" classname="TestNG.Flag7"/>
  <system-out>
    <![CDATA[create and delete user]]>
  </system-out>
  <testcase name="f" time="0.001" classname="TestNG.Flag7"/>
  <system-out>
    <![CDATA[create and delete user]]>
  </system-out>
  <testcase name="f" time="0.000" classname="TestNG.Flag7"/>
  <system-out>
    <![CDATA[create and delete user]]>
  </system-out>
  <testcase name="f" time="0.001" classname="TestNG.Flag7"/>
  <system-out>
    <![CDATA[create and delete user]]>
  </system-out>
  <testcase name="f" time="0.000" classname="TestNG.Flag7"/>
  <system-out>
    <![CDATA[create and delete user]]>
  </system-out>
  <testcase name="f" time="0.000" classname="TestNG.Flag7"/>
  <system-out>
    <![CDATA[create and delete user]]>
  </system-out>
  <testcase name="f" time="0.000" classname="TestNG.Flag7"/>
  <system-out>
    <![CDATA[create and delete user]]>
  </system-out>
  <testcase name="f" time="0.001" classname="TestNG.Flag7"/>
  <system-out>
    <![CDATA[create and delete user]]>
  </system-out>
  <testcase name="f" time="0.001" classname="TestNG.Flag7"/>
  <system-out>
    <![CDATA[create and delete user]]>
  </system-out>
  <testcase name="f" time="0.008" classname="TestNG.Flag7"/>
  <system-out>
    <![CDATA[create and delete user]]>
  </system-out>
  <testcase name="f" time="0.000" classname="TestNG.Flag7"/>
  <system-out>
    <![CDATA[create and delete user]]>
  </system-out>
  <testcase name="f" time="0.000" classname="TestNG.Flag7"/>
  <system-out>
    <![CDATA[create and delete user]]>
  </system-out>
  <testcase name="f" time="0.000" classname="TestNG.Flag7"/>
  <system-out>
    <![CDATA[create and delete user]]>
  </system-out>
  <testcase name="f" time="0.001" classname="TestNG.Flag7"/>
  <system-out>
    <![CDATA[create and delete user]]>
  </system-out>
  <testcase name="f" time="0.000" classname="TestNG.Flag7"/>
  <system-out>
    <![CDATA[create and delete user]]>
  </system-out>
  <testcase name="f" time="0.000" classname="TestNG.Flag7"/>
  <system-out>
    <![CDATA[create and delete user]]>
  </system-out>
  <testcase name="f" time="0.008" classname="TestNG.Flag7"/>
  <system-out>
    <![CDATA[create and delete user]]>
  </system-out>
  <testcase name="f" time="0.000" classname="TestNG.Flag7"/>
  <system-out>
    <![CDATA[create and delete user]]>
  </system-out>
  <testcase name="f" time="0.000" classname="TestNG.Flag7"/>
  <system-out>
    <![CDATA[create and delete user]]>
  </system-out>
  <testcase name="f" time="0.000" classname="TestNG.Flag7"/>
  <system-out>
    <![CDATA[create and delete user]]>
  </system-out>
  <testcase name="f" time="0.001" classname="TestNG.Flag7"/>
  <system-out>
    <![CDATA[create and delete user]]>
  </system-out>
  <testcase name="f" time="0.003" classname="TestNG.Flag7"/>
  <system-out>
    <![CDATA[create and delete user]]>
  </system-out>
  <testcase name="f" time="0.000" classname="TestNG.Flag7"/>
  <system-out>
    <![CDATA[create and delete user]]>
  </system-out>
  <testcase name="f" time="0.001" classname="TestNG.Flag7"/>
  <system-out>
    <![CDATA[create and delete user]]>
  </system-out>
  <testcase name="f" time="0.000" classname="TestNG.Flag7"/>
  <system-out>
    <![CDATA[create and delete user]]>
  </system-out>
  <testcase name="f" time="0.000" classname="TestNG.Flag7"/>
  <system-out>
    <![CDATA[create and delete user]]>
  </system-out>
  <testcase name="f" time="0.000" classname="TestNG.Flag7"/>
  <system-out>
    <![CDATA[create and delete user]]>
  </system-out>
  <testcase name="f" time="0.000" classname="TestNG.Flag7"/>
  <system-out>
    <![CDATA[create and delete user]]>
  </system-out>
  <testcase name="f" time="0.001" classname="TestNG.Flag7"/>
  <system-out>
    <![CDATA[create and delete user]]>
  </system-out>
  <testcase name="f" time="0.000" classname="TestNG.Flag7"/>
  <system-out>
    <![CDATA[create and delete user]]>
  </system-out>
  <testcase name="f" time="0.000" classname="TestNG.Flag7"/>
  <system-out>
    <![CDATA[create and delete user]]>
  </system-out>
  <testcase name="f" time="0.001" classname="TestNG.Flag7"/>
  <system-out>
    <![CDATA[create and delete user]]>
  </system-out>
  <testcase name="f" time="0.001" classname="TestNG.Flag7"/>
  <system-out>
    <![CDATA[create and delete user]]>
  </system-out>
  <testcase name="f" time="0.000" classname="TestNG.Flag7"/>
  <system-out>
    <![CDATA[create and delete user]]>
  </system-out>
  <testcase name="f" time="0.003" classname="TestNG.Flag7"/>
  <system-out>
    <![CDATA[create and delete user]]>
  </system-out>
  <testcase name="f" time="0.000" classname="TestNG.Flag7"/>
  <system-out>
    <![CDATA[create and delete user]]>
  </system-out>
  <testcase name="f" time="0.000" classname="TestNG.Flag7"/>
  <system-out>
    <![CDATA[create and delete user]]>
  </system-out>
  <testcase name="f" time="0.001" classname="TestNG.Flag7"/>
  <system-out>
    <![CDATA[create and delete user]]>
  </system-out>
  <testcase name="f" time="0.000" classname="TestNG.Flag7"/>
  <system-out>
    <![CDATA[create and delete user]]>
  </system-out>
  <testcase name="f" time="0.000" classname="TestNG.Flag7"/>
  <system-out>
    <![CDATA[create and delete user]]>
  </system-out>
  <testcase name="f" time="0.000" classname="TestNG.Flag7"/>
  <system-out>
    <![CDATA[create and delete user]]>
  </system-out>
  <testcase name="f" time="0.002" classname="TestNG.Flag7"/>
  <system-out>
    <![CDATA[create and delete user]]>
  </system-out>
  <testcase name="f" time="0.000" classname="TestNG.Flag7"/>
  <system-out>
    <![CDATA[create and delete user]]>
  </system-out>
  <testcase name="f" time="0.000" classname="TestNG.Flag7"/>
  <system-out>
    <![CDATA[create and delete user]]>
  </system-out>
  <testcase name="f" time="0.001" classname="TestNG.Flag7"/>
  <system-out>
    <![CDATA[create and delete user]]>
  </system-out>
  <testcase name="f" time="0.000" classname="TestNG.Flag7"/>
  <system-out>
    <![CDATA[create and delete user]]>
  </system-out>
  <testcase name="f" time="0.000" classname="TestNG.Flag7"/>
  <system-out>
    <![CDATA[create and delete user]]>
  </system-out>
  <testcase name="f" time="0.000" classname="TestNG.Flag7"/>
  <system-out>
    <![CDATA[create and delete user]]>
  </system-out>
  <testcase name="f" time="0.001" classname="TestNG.Flag7"/>
  <system-out>
    <![CDATA[create and delete user]]>
  </system-out>
  <testcase name="f" time="0.000" classname="TestNG.Flag7"/>
  <system-out>
    <![CDATA[create and delete user]]>
  </system-out>
  <testcase name="f" time="0.000" classname="TestNG.Flag7"/>
  <system-out>
    <![CDATA[create and delete user]]>
  </system-out>
  <testcase name="f" time="0.001" classname="TestNG.Flag7"/>
  <system-out>
    <![CDATA[create and delete user]]>
  </system-out>
  <testcase name="f" time="0.000" classname="TestNG.Flag7"/>
  <system-out>
    <![CDATA[create and delete user]]>
  </system-out>
  <testcase name="f" time="0.001" classname="TestNG.Flag7"/>
  <system-out>
    <![CDATA[create and delete user]]>
  </system-out>
  <testcase name="f" time="0.000" classname="TestNG.Flag7"/>
  <system-out>
    <![CDATA[create and delete user]]>
  </system-out>
  <testcase name="f" time="0.000" classname="TestNG.Flag7"/>
  <system-out>
    <![CDATA[create and delete user]]>
  </system-out>
  <testcase name="f" time="0.000" classname="TestNG.Flag7"/>
  <system-out>
    <![CDATA[create and delete user]]>
  </system-out>
  <testcase name="f" time="0.000" classname="TestNG.Flag7"/>
  <system-out>
    <![CDATA[create and delete user]]>
  </system-out>
  <testcase name="f" time="0.000" classname="TestNG.Flag7"/>
  <system-out>
    <![CDATA[create and delete user]]>
  </system-out>
  <testcase name="f" time="0.000" classname="TestNG.Flag7"/>
  <system-out>
    <![CDATA[create and delete user]]>
  </system-out>
  <testcase name="f" time="0.001" classname="TestNG.Flag7"/>
  <system-out>
    <![CDATA[create and delete user]]>
  </system-out>
  <testcase name="f" time="0.000" classname="TestNG.Flag7"/>
  <system-out>
    <![CDATA[create and delete user]]>
  </system-out>
  <testcase name="f" time="0.000" classname="TestNG.Flag7"/>
  <system-out>
    <![CDATA[create and delete user]]>
  </system-out>
  <testcase name="f" time="0.000" classname="TestNG.Flag7"/>
  <system-out>
    <![CDATA[create and delete user]]>
  </system-out>
  <testcase name="f" time="0.001" classname="TestNG.Flag7"/>
  <system-out>
    <![CDATA[create and delete user]]>
  </system-out>
  <testcase name="f" time="0.000" classname="TestNG.Flag7"/>
  <system-out>
    <![CDATA[create and delete user]]>
  </system-out>
  <testcase name="f" time="0.002" classname="TestNG.Flag7"/>
  <system-out>
    <![CDATA[create and delete user]]>
  </system-out>
  <testcase name="f" time="0.001" classname="TestNG.Flag7"/>
  <system-out>
    <![CDATA[create and delete user]]>
  </system-out>
  <testcase name="f" time="0.000" classname="TestNG.Flag7"/>
  <system-out>
    <![CDATA[create and delete user]]>
  </system-out>
  <testcase name="f" time="0.000" classname="TestNG.Flag7"/>
  <system-out>
    <![CDATA[create and delete user]]>
  </system-out>
  <testcase name="f" time="0.001" classname="TestNG.Flag7"/>
  <system-out>
    <![CDATA[create and delete user]]>
  </system-out>
  <testcase name="f" time="0.001" classname="TestNG.Flag7"/>
  <system-out>
    <![CDATA[create and delete user]]>
  </system-out>
  <testcase name="f" time="0.000" classname="TestNG.Flag7"/>
  <system-out>
    <![CDATA[create and delete user]]>
  </system-out>
  <testcase name="f" time="0.000" classname="TestNG.Flag7"/>
  <system-out>
    <![CDATA[create and delete user]]>
  </system-out>
  <testcase name="f" time="0.000" classname="TestNG.Flag7"/>
  <system-out>
    <![CDATA[create and delete user]]>
  </system-out>
  <testcase name="f" time="0.000" classname="TestNG.Flag7"/>
  <system-out>
    <![CDATA[create and delete user]]>
  </system-out>
  <testcase name="f" time="0.000" classname="TestNG.Flag7"/>
  <system-out>
    <![CDATA[create and delete user]]>
  </system-out>
  <testcase name="f" time="0.000" classname="TestNG.Flag7"/>
  <system-out>
    <![CDATA[create and delete user]]>
  </system-out>
  <testcase name="f" time="0.001" classname="TestNG.Flag7"/>
  <system-out>
    <![CDATA[create and delete user]]>
  </system-out>
  <testcase name="f" time="0.000" classname="TestNG.Flag7"/>
  <system-out>
    <![CDATA[create and delete user]]>
  </system-out>
  <testcase name="f" time="0.000" classname="TestNG.Flag7"/>
  <system-out>
    <![CDATA[create and delete user]]>
  </system-out>
  <testcase name="f" time="0.001" classname="TestNG.Flag7"/>
  <system-out>
    <![CDATA[create and delete user]]>
  </system-out>
  <testcase name="f" time="0.001" classname="TestNG.Flag7"/>
  <system-out>
    <![CDATA[create and delete user]]>
  </system-out>
  <testcase name="f" time="0.000" classname="TestNG.Flag7"/>
  <system-out>
    <![CDATA[create and delete user]]>
  </system-out>
  <testcase name="f" time="0.001" classname="TestNG.Flag7"/>
  <system-out>
    <![CDATA[create and delete user]]>
  </system-out>
  <testcase name="f" time="0.001" classname="TestNG.Flag7"/>
  <system-out>
    <![CDATA[create and delete user]]>
  </system-out>
  <testcase name="f" time="0.001" classname="TestNG.Flag7"/>
  <system-out>
    <![CDATA[create and delete user]]>
  </system-out>
  <testcase name="f" time="0.000" classname="TestNG.Flag7"/>
  <system-out>
    <![CDATA[create and delete user]]>
  </system-out>
  <testcase name="f" time="0.000" classname="TestNG.Flag7"/>
  <system-out>
    <![CDATA[create and delete user]]>
  </system-out>
  <testcase name="f" time="0.000" classname="TestNG.Flag7"/>
  <system-out>
    <![CDATA[create and delete user]]>
  </system-out>
  <testcase name="f" time="0.001" classname="TestNG.Flag7"/>
  <system-out>
    <![CDATA[create and delete user]]>
  </system-out>
  <testcase name="f" time="0.000" classname="TestNG.Flag7"/>
  <system-out>
    <![CDATA[create and delete user]]>
  </system-out>
  <testcase name="f" time="0.000" classname="TestNG.Flag7"/>
  <system-out>
    <![CDATA[create and delete user]]>
  </system-out>
  <testcase name="f" time="0.000" classname="TestNG.Flag7"/>
  <system-out>
    <![CDATA[create and delete user]]>
  </system-out>
  <testcase name="f" time="0.000" classname="TestNG.Flag7"/>
  <system-out>
    <![CDATA[create and delete user]]>
  </system-out>
  <testcase name="f" time="0.000" classname="TestNG.Flag7"/>
  <system-out>
    <![CDATA[create and delete user]]>
  </system-out>
  <testcase name="f" time="0.001" classname="TestNG.Flag7"/>
  <system-out>
    <![CDATA[create and delete user]]>
  </system-out>
  <testcase name="f" time="0.000" classname="TestNG.Flag7"/>
  <system-out>
    <![CDATA[create and delete user]]>
  </system-out>
  <testcase name="f" time="0.000" classname="TestNG.Flag7"/>
  <system-out>
    <![CDATA[create and delete user]]>
  </system-out>
  <testcase name="f" time="0.000" classname="TestNG.Flag7"/>
  <system-out>
    <![CDATA[create and delete user]]>
  </system-out>
  <testcase name="f" time="0.000" classname="TestNG.Flag7"/>
  <system-out>
    <![CDATA[create and delete user]]>
  </system-out>
  <testcase name="f" time="0.000" classname="TestNG.Flag7"/>
  <system-out>
    <![CDATA[create and delete user]]>
  </system-out>
  <testcase name="f" time="0.000" classname="TestNG.Flag7"/>
  <system-out>
    <![CDATA[create and delete user]]>
  </system-out>
  <testcase name="f" time="0.001" classname="TestNG.Flag7"/>
  <system-out>
    <![CDATA[create and delete user]]>
  </system-out>
  <testcase name="f" time="0.001" classname="TestNG.Flag7"/>
  <system-out>
    <![CDATA[create and delete user]]>
  </system-out>
  <testcase name="f" time="0.001" classname="TestNG.Flag7"/>
  <system-out>
    <![CDATA[create and delete user]]>
  </system-out>
  <testcase name="f" time="0.001" classname="TestNG.Flag7"/>
  <system-out>
    <![CDATA[create and delete user]]>
  </system-out>
  <testcase name="f" time="0.001" classname="TestNG.Flag7"/>
  <system-out>
    <![CDATA[create and delete user]]>
  </system-out>
  <testcase name="f" time="0.000" classname="TestNG.Flag7"/>
  <system-out>
    <![CDATA[create and delete user]]>
  </system-out>
  <testcase name="f" time="0.000" classname="TestNG.Flag7"/>
  <system-out>
    <![CDATA[create and delete user]]>
  </system-out>
  <testcase name="f" time="0.000" classname="TestNG.Flag7"/>
  <system-out>
    <![CDATA[create and delete user]]>
  </system-out>
  <testcase name="f" time="0.000" classname="TestNG.Flag7"/>
  <system-out>
    <![CDATA[create and delete user]]>
  </system-out>
  <testcase name="f" time="0.000" classname="TestNG.Flag7"/>
  <system-out>
    <![CDATA[create and delete user]]>
  </system-out>
  <testcase name="f" time="0.001" classname="TestNG.Flag7"/>
  <system-out>
    <![CDATA[create and delete user]]>
  </system-out>
  <testcase name="f" time="0.000" classname="TestNG.Flag7"/>
  <system-out>
    <![CDATA[create and delete user]]>
  </system-out>
  <testcase name="f" time="0.000" classname="TestNG.Flag7"/>
  <system-out>
    <![CDATA[create and delete user]]>
  </system-out>
  <testcase name="f" time="0.000" classname="TestNG.Flag7"/>
  <system-out>
    <![CDATA[create and delete user]]>
  </system-out>
  <testcase name="f" time="0.000" classname="TestNG.Flag7"/>
  <system-out>
    <![CDATA[create and delete user]]>
  </system-out>
  <testcase name="f" time="0.000" classname="TestNG.Flag7"/>
  <system-out>
    <![CDATA[create and delete user]]>
  </system-out>
  <testcase name="f" time="0.000" classname="TestNG.Flag7"/>
  <system-out>
    <![CDATA[create and delete user]]>
  </system-out>
  <testcase name="f" time="0.001" classname="TestNG.Flag7"/>
  <system-out>
    <![CDATA[create and delete user]]>
  </system-out>
  <testcase name="f" time="0.000" classname="TestNG.Flag7"/>
  <system-out>
    <![CDATA[create and delete user]]>
  </system-out>
  <testcase name="f" time="0.000" classname="TestNG.Flag7"/>
  <system-out>
    <![CDATA[create and delete user]]>
  </system-out>
  <testcase name="f" time="0.000" classname="TestNG.Flag7"/>
  <system-out>
    <![CDATA[create and delete user]]>
  </system-out>
  <testcase name="f" time="0.000" classname="TestNG.Flag7"/>
  <system-out>
    <![CDATA[create and delete user]]>
  </system-out>
  <testcase name="f" time="0.000" classname="TestNG.Flag7"/>
  <system-out>
    <![CDATA[create and delete user]]>
  </system-out>
  <testcase name="f" time="0.001" classname="TestNG.Flag7"/>
  <system-out>
    <![CDATA[create and delete user]]>
  </system-out>
  <testcase name="f" time="0.001" classname="TestNG.Flag7"/>
  <system-out>
    <![CDATA[create and delete user]]>
  </system-out>
  <testcase name="f" time="0.000" classname="TestNG.Flag7"/>
  <system-out>
    <![CDATA[create and delete user]]>
  </system-out>
  <testcase name="f" time="0.001" classname="TestNG.Flag7"/>
  <system-out>
    <![CDATA[create and delete user]]>
  </system-out>
  <testcase name="f" time="0.000" classname="TestNG.Flag7"/>
  <system-out>
    <![CDATA[create and delete user]]>
  </system-out>
  <testcase name="f" time="0.000" classname="TestNG.Flag7"/>
  <system-out>
    <![CDATA[create and delete user]]>
  </system-out>
  <testcase name="f" time="0.001" classname="TestNG.Flag7"/>
  <system-out>
    <![CDATA[create and delete user]]>
  </system-out>
  <testcase name="f" time="0.000" classname="TestNG.Flag7"/>
  <system-out>
    <![CDATA[create and delete user]]>
  </system-out>
  <testcase name="f" time="0.001" classname="TestNG.Flag7"/>
  <system-out>
    <![CDATA[create and delete user]]>
  </system-out>
  <testcase name="f" time="0.000" classname="TestNG.Flag7"/>
  <system-out>
    <![CDATA[create and delete user]]>
  </system-out>
  <testcase name="f" time="0.001" classname="TestNG.Flag7"/>
  <system-out>
    <![CDATA[create and delete user]]>
  </system-out>
  <testcase name="f" time="0.000" classname="TestNG.Flag7"/>
  <system-out>
    <![CDATA[create and delete user]]>
  </system-out>
  <testcase name="f" time="0.001" classname="TestNG.Flag7"/>
  <system-out>
    <![CDATA[create and delete user]]>
  </system-out>
  <testcase name="f" time="0.000" classname="TestNG.Flag7"/>
  <system-out>
    <![CDATA[create and delete user]]>
  </system-out>
  <testcase name="f" time="0.000" classname="TestNG.Flag7"/>
  <system-out>
    <![CDATA[create and delete user]]>
  </system-out>
  <testcase name="f" time="0.003" classname="TestNG.Flag7"/>
  <system-out>
    <![CDATA[create and delete user]]>
  </system-out>
  <testcase name="f" time="0.000" classname="TestNG.Flag7"/>
  <system-out>
    <![CDATA[create and delete user]]>
  </system-out>
  <testcase name="f" time="0.001" classname="TestNG.Flag7"/>
  <system-out>
    <![CDATA[create and delete user]]>
  </system-out>
  <testcase name="f" time="0.001" classname="TestNG.Flag7"/>
  <system-out>
    <![CDATA[create and delete user]]>
  </system-out>
  <testcase name="f" time="0.000" classname="TestNG.Flag7"/>
  <system-out>
    <![CDATA[create and delete user]]>
  </system-out>
  <testcase name="f" time="0.000" classname="TestNG.Flag7"/>
  <system-out>
    <![CDATA[create and delete user]]>
  </system-out>
  <testcase name="f" time="0.000" classname="TestNG.Flag7"/>
  <system-out>
    <![CDATA[create and delete user]]>
  </system-out>
  <testcase name="f" time="0.000" classname="TestNG.Flag7"/>
  <system-out>
    <![CDATA[create and delete user]]>
  </system-out>
  <testcase name="f" time="0.000" classname="TestNG.Flag7"/>
  <system-out>
    <![CDATA[create and delete user]]>
  </system-out>
  <testcase name="f" time="0.001" classname="TestNG.Flag7"/>
  <system-out>
    <![CDATA[create and delete user]]>
  </system-out>
  <testcase name="f" time="0.001" classname="TestNG.Flag7"/>
  <system-out>
    <![CDATA[create and delete user]]>
  </system-out>
  <testcase name="f" time="0.000" classname="TestNG.Flag7"/>
  <system-out>
    <![CDATA[create and delete user]]>
  </system-out>
  <testcase name="f" time="0.000" classname="TestNG.Flag7"/>
  <system-out>
    <![CDATA[create and delete user]]>
  </system-out>
  <testcase name="f" time="0.000" classname="TestNG.Flag7"/>
  <system-out>
    <![CDATA[create and delete user]]>
  </system-out>
  <testcase name="f" time="0.000" classname="TestNG.Flag7"/>
  <system-out>
    <![CDATA[create and delete user]]>
  </system-out>
  <testcase name="f" time="0.000" classname="TestNG.Flag7"/>
  <system-out>
    <![CDATA[create and delete user]]>
  </system-out>
  <testcase name="f" time="0.000" classname="TestNG.Flag7"/>
  <system-out>
    <![CDATA[create and delete user]]>
  </system-out>
  <testcase name="f" time="0.001" classname="TestNG.Flag7"/>
  <system-out>
    <![CDATA[create and delete user]]>
  </system-out>
  <testcase name="f" time="0.001" classname="TestNG.Flag7"/>
  <system-out>
    <![CDATA[create and delete user]]>
  </system-out>
  <testcase name="f" time="0.000" classname="TestNG.Flag7"/>
  <system-out>
    <![CDATA[create and delete user]]>
  </system-out>
  <testcase name="f" time="0.000" classname="TestNG.Flag7"/>
  <system-out>
    <![CDATA[create and delete user]]>
  </system-out>
  <testcase name="f" time="0.002" classname="TestNG.Flag7"/>
  <system-out>
    <![CDATA[create and delete user]]>
  </system-out>
  <testcase name="f" time="0.001" classname="TestNG.Flag7"/>
  <system-out>
    <![CDATA[create and delete user]]>
  </system-out>
  <testcase name="f" time="0.000" classname="TestNG.Flag7"/>
  <system-out>
    <![CDATA[create and delete user]]>
  </system-out>
  <testcase name="f" time="0.001" classname="TestNG.Flag7"/>
  <system-out>
    <![CDATA[create and delete user]]>
  </system-out>
  <testcase name="f" time="0.000" classname="TestNG.Flag7"/>
  <system-out>
    <![CDATA[create and delete user]]>
  </system-out>
  <testcase name="f" time="0.001" classname="TestNG.Flag7"/>
  <system-out>
    <![CDATA[create and delete user]]>
  </system-out>
  <testcase name="f" time="0.000" classname="TestNG.Flag7"/>
  <system-out>
    <![CDATA[create and delete user]]>
  </system-out>
  <testcase name="f" time="0.000" classname="TestNG.Flag7"/>
  <system-out>
    <![CDATA[create and delete user]]>
  </system-out>
  <testcase name="f" time="0.001" classname="TestNG.Flag7"/>
  <system-out>
    <![CDATA[create and delete user]]>
  </system-out>
  <testcase name="f" time="0.000" classname="TestNG.Flag7"/>
  <system-out>
    <![CDATA[create and delete user]]>
  </system-out>
  <testcase name="f" time="0.001" classname="TestNG.Flag7"/>
  <system-out>
    <![CDATA[create and delete user]]>
  </system-out>
  <testcase name="f" time="0.000" classname="TestNG.Flag7"/>
  <system-out>
    <![CDATA[create and delete user]]>
  </system-out>
  <testcase name="f" time="0.000" classname="TestNG.Flag7"/>
  <system-out>
    <![CDATA[create and delete user]]>
  </system-out>
  <testcase name="f" time="0.001" classname="TestNG.Flag7"/>
  <system-out>
    <![CDATA[create and delete user]]>
  </system-out>
  <testcase name="f" time="0.000" classname="TestNG.Flag7"/>
  <system-out>
    <![CDATA[create and delete user]]>
  </system-out>
  <testcase name="f" time="0.000" classname="TestNG.Flag7"/>
  <system-out>
    <![CDATA[create and delete user]]>
  </system-out>
  <testcase name="f" time="0.000" classname="TestNG.Flag7"/>
  <system-out>
    <![CDATA[create and delete user]]>
  </system-out>
  <testcase name="f" time="0.001" classname="TestNG.Flag7"/>
  <system-out>
    <![CDATA[create and delete user]]>
  </system-out>
  <testcase name="f" time="0.000" classname="TestNG.Flag7"/>
  <system-out>
    <![CDATA[create and delete user]]>
  </system-out>
  <testcase name="f" time="0.000" classname="TestNG.Flag7"/>
  <system-out>
    <![CDATA[create and delete user]]>
  </system-out>
  <testcase name="f" time="0.000" classname="TestNG.Flag7"/>
  <system-out>
    <![CDATA[create and delete user]]>
  </system-out>
  <testcase name="f" time="0.000" classname="TestNG.Flag7"/>
  <system-out>
    <![CDATA[create and delete user]]>
  </system-out>
  <testcase name="f" time="0.001" classname="TestNG.Flag7"/>
  <system-out>
    <![CDATA[create and delete user]]>
  </system-out>
  <testcase name="f" time="0.001" classname="TestNG.Flag7"/>
  <system-out>
    <![CDATA[create and delete user]]>
  </system-out>
  <testcase name="f" time="0.001" classname="TestNG.Flag7"/>
  <system-out>
    <![CDATA[create and delete user]]>
  </system-out>
  <testcase name="f" time="0.001" classname="TestNG.Flag7"/>
  <system-out>
    <![CDATA[create and delete user]]>
  </system-out>
  <testcase name="f" time="0.000" classname="TestNG.Flag7"/>
  <system-out>
    <![CDATA[create and delete user]]>
  </system-out>
  <testcase name="f" time="0.001" classname="TestNG.Flag7"/>
  <system-out>
    <![CDATA[create and delete user]]>
  </system-out>
  <testcase name="f" time="0.001" classname="TestNG.Flag7"/>
  <system-out>
    <![CDATA[create and delete user]]>
  </system-out>
  <testcase name="f" time="0.000" classname="TestNG.Flag7"/>
  <system-out>
    <![CDATA[create and delete user]]>
  </system-out>
  <testcase name="f" time="0.000" classname="TestNG.Flag7"/>
  <system-out>
    <![CDATA[create and delete user]]>
  </system-out>
  <testcase name="f" time="0.000" classname="TestNG.Flag7"/>
  <system-out>
    <![CDATA[create and delete user]]>
  </system-out>
  <testcase name="f" time="0.000" classname="TestNG.Flag7"/>
  <system-out>
    <![CDATA[create and delete user]]>
  </system-out>
  <testcase name="f" time="0.002" classname="TestNG.Flag7"/>
  <system-out>
    <![CDATA[create and delete user]]>
  </system-out>
  <testcase name="f" time="0.000" classname="TestNG.Flag7"/>
  <system-out>
    <![CDATA[create and delete user]]>
  </system-out>
  <testcase name="f" time="0.001" classname="TestNG.Flag7"/>
  <system-out>
    <![CDATA[create and delete user]]>
  </system-out>
  <testcase name="f" time="0.000" classname="TestNG.Flag7"/>
  <system-out>
    <![CDATA[create and delete user]]>
  </system-out>
  <testcase name="f" time="0.000" classname="TestNG.Flag7"/>
  <system-out>
    <![CDATA[create and delete user]]>
  </system-out>
  <testcase name="f" time="0.001" classname="TestNG.Flag7"/>
  <system-out>
    <![CDATA[create and delete user]]>
  </system-out>
  <testcase name="f" time="0.000" classname="TestNG.Flag7"/>
  <system-out>
    <![CDATA[create and delete user]]>
  </system-out>
  <testcase name="f" time="0.000" classname="TestNG.Flag7"/>
  <system-out>
    <![CDATA[create and delete user]]>
  </system-out>
  <testcase name="f" time="0.000" classname="TestNG.Flag7"/>
  <system-out>
    <![CDATA[create and delete user]]>
  </system-out>
  <testcase name="f" time="0.002" classname="TestNG.Flag7"/>
  <system-out>
    <![CDATA[create and delete user]]>
  </system-out>
  <testcase name="f" time="0.000" classname="TestNG.Flag7"/>
  <system-out>
    <![CDATA[create and delete user]]>
  </system-out>
  <testcase name="f" time="0.001" classname="TestNG.Flag7"/>
  <system-out>
    <![CDATA[create and delete user]]>
  </system-out>
  <testcase name="f" time="0.000" classname="TestNG.Flag7"/>
  <system-out>
    <![CDATA[create and delete user]]>
  </system-out>
  <testcase name="f" time="0.000" classname="TestNG.Flag7"/>
  <system-out>
    <![CDATA[create and delete user]]>
  </system-out>
  <testcase name="f" time="0.001" classname="TestNG.Flag7"/>
  <system-out>
    <![CDATA[create and delete user]]>
  </system-out>
  <testcase name="f" time="0.003" classname="TestNG.Flag7"/>
  <system-out>
    <![CDATA[create and delete user]]>
  </system-out>
  <testcase name="f" time="0.000" classname="TestNG.Flag7"/>
  <system-out>
    <![CDATA[create and delete user]]>
  </system-out>
  <testcase name="f" time="0.001" classname="TestNG.Flag7"/>
  <system-out>
    <![CDATA[create and delete user]]>
  </system-out>
  <testcase name="f" time="0.001" classname="TestNG.Flag7"/>
  <system-out>
    <![CDATA[create and delete user]]>
  </system-out>
  <testcase name="f" time="0.000" classname="TestNG.Flag7"/>
  <system-out>
    <![CDATA[create and delete user]]>
  </system-out>
  <testcase name="f" time="0.000" classname="TestNG.Flag7"/>
  <system-out>
    <![CDATA[create and delete user]]>
  </system-out>
  <testcase name="f" time="0.001" classname="TestNG.Flag7"/>
  <system-out>
    <![CDATA[create and delete user]]>
  </system-out>
  <testcase name="f" time="0.000" classname="TestNG.Flag7"/>
  <system-out>
    <![CDATA[create and delete user]]>
  </system-out>
  <testcase name="f" time="0.000" classname="TestNG.Flag7"/>
  <system-out>
    <![CDATA[create and delete user]]>
  </system-out>
  <testcase name="f" time="0.000" classname="TestNG.Flag7"/>
  <system-out>
    <![CDATA[create and delete user]]>
  </system-out>
  <testcase name="f" time="0.001" classname="TestNG.Flag7"/>
  <system-out>
    <![CDATA[create and delete user]]>
  </system-out>
  <testcase name="f" time="0.004" classname="TestNG.Flag7"/>
  <system-out>
    <![CDATA[create and delete user]]>
  </system-out>
  <testcase name="f" time="0.000" classname="TestNG.Flag7"/>
  <system-out>
    <![CDATA[create and delete user]]>
  </system-out>
  <testcase name="f" time="0.001" classname="TestNG.Flag7"/>
  <system-out>
    <![CDATA[create and delete user]]>
  </system-out>
  <testcase name="f" time="0.001" classname="TestNG.Flag7"/>
  <system-out>
    <![CDATA[create and delete user]]>
  </system-out>
  <testcase name="f" time="0.000" classname="TestNG.Flag7"/>
  <system-out>
    <![CDATA[create and delete user]]>
  </system-out>
  <testcase name="f" time="0.000" classname="TestNG.Flag7"/>
  <system-out>
    <![CDATA[create and delete user]]>
  </system-out>
  <testcase name="f" time="0.000" classname="TestNG.Flag7"/>
  <system-out>
    <![CDATA[create and delete user]]>
  </system-out>
  <testcase name="f" time="0.000" classname="TestNG.Flag7"/>
  <system-out>
    <![CDATA[create and delete user]]>
  </system-out>
  <testcase name="f" time="0.000" classname="TestNG.Flag7"/>
  <system-out>
    <![CDATA[create and delete user]]>
  </system-out>
  <testcase name="f" time="0.001" classname="TestNG.Flag7"/>
  <system-out>
    <![CDATA[create and delete user]]>
  </system-out>
  <testcase name="f" time="0.000" classname="TestNG.Flag7"/>
  <system-out>
    <![CDATA[create and delete user]]>
  </system-out>
  <testcase name="f" time="0.001" classname="TestNG.Flag7"/>
  <system-out>
    <![CDATA[create and delete user]]>
  </system-out>
  <testcase name="f" time="0.000" classname="TestNG.Flag7"/>
  <system-out>
    <![CDATA[create and delete user]]>
  </system-out>
  <testcase name="f" time="0.000" classname="TestNG.Flag7"/>
  <system-out>
    <![CDATA[create and delete user]]>
  </system-out>
  <testcase name="f" time="0.000" classname="TestNG.Flag7"/>
  <system-out>
    <![CDATA[create and delete user]]>
  </system-out>
  <testcase name="f" time="0.000" classname="TestNG.Flag7"/>
  <system-out>
    <![CDATA[create and delete user]]>
  </system-out>
  <testcase name="f" time="0.001" classname="TestNG.Flag7"/>
  <system-out>
    <![CDATA[create and delete user]]>
  </system-out>
  <testcase name="f" time="0.001" classname="TestNG.Flag7"/>
  <system-out>
    <![CDATA[create and delete user]]>
  </system-out>
  <testcase name="f" time="0.000" classname="TestNG.Flag7"/>
  <system-out>
    <![CDATA[create and delete user]]>
  </system-out>
  <testcase name="f" time="0.000" classname="TestNG.Flag7"/>
  <system-out>
    <![CDATA[create and delete user]]>
  </system-out>
  <testcase name="f" time="0.000" classname="TestNG.Flag7"/>
  <system-out>
    <![CDATA[create and delete user]]>
  </system-out>
  <testcase name="f" time="0.000" classname="TestNG.Flag7"/>
  <system-out>
[...]
  </system-out>
  <testcase name="f" time="0.000" classname="TestNG.Flag7"/>
  <system-out>
    <![CDATA[create and delete user]]>
  </system-out>
  <testcase name="f" time="0.000" classname="TestNG.Flag7"/>
  <system-out>
    <![CDATA[create and delete user]]>
  </system-out>
  <testcase name="f" time="0.000" classname="TestNG.Flag7"/>
  <system-out>
    <![CDATA[create and delete user]]>
  </system-out>
  <testcase name="f" time="0.000" classname="TestNG.Flag7"/>
  <system-out>
    <![CDATA[create and delete user]]>
  </system-out>
  <testcase name="f" time="0.000" classname="TestNG.Flag7"/>
  <system-out>
    <![CDATA[create and delete user]]>
  </system-out>
  <testcase name="f" time="0.000" classname="TestNG.Flag7"/>
  <system-out>
    <![CDATA[create and delete user]]>
  </system-out>
  <testcase name="f" time="0.000" classname="TestNG.Flag7"/>
  <system-out>
    <![CDATA[create and delete user]]>
  </system-out>
  <testcase name="f" time="0.001" classname="TestNG.Flag7"/>
  <system-out>
    <![CDATA[create and delete user]]>
  </system-out>
  <testcase name="f" time="0.000" classname="TestNG.Flag7"/>
  <system-out>
    <![CDATA[create and delete user]]>
  </system-out>
  <testcase name="f" time="0.000" classname="TestNG.Flag7"/>
  <system-out>
    <![CDATA[create and delete user]]>
  </system-out>
  <testcase name="f" time="0.000" classname="TestNG.Flag7"/>
  <system-out>
    <![CDATA[create and delete user]]>
  </system-out>
  <testcase name="f" time="0.001" classname="TestNG.Flag7"/>
  <system-out>
    <![CDATA[create and delete user]]>
  </system-out>
  <testcase name="f" time="0.000" classname="TestNG.Flag7"/>
  <system-out>
    <![CDATA[create and delete user]]>
  </system-out>
  <testcase name="f" time="0.000" classname="TestNG.Flag7"/>
  <system-out>
    <![CDATA[create and delete user]]>
  </system-out>
  <testcase name="f" time="0.000" classname="TestNG.Flag7"/>
  <system-out>
    <![CDATA[create and delete user]]>
  </system-out>
  <testcase name="f" time="0.000" classname="TestNG.Flag7"/>
  <system-out>
    <![CDATA[create and delete user]]>
  </system-out>
  <testcase name="f" time="0.000" classname="TestNG.Flag7"/>
  <system-out>
    <![CDATA[create and delete user]]>
  </system-out>
  <testcase name="f" time="0.000" classname="TestNG.Flag7"/>
  <system-out>
    <![CDATA[create and delete user]]>
  </system-out>
  <testcase name="f" time="0.001" classname="TestNG.Flag7"/>
  <system-out>
    <![CDATA[create and delete user]]>
  </system-out>
  <testcase name="f" time="0.000" classname="TestNG.Flag7"/>
  <system-out>
    <![CDATA[create and delete user]]>
  </system-out>
  <testcase name="f" time="0.002" classname="TestNG.Flag7"/>
  <system-out>
    <![CDATA[create and delete user]]>
  </system-out>
  <testcase name="f" time="0.002" classname="TestNG.Flag7"/>
  <system-out>
    <![CDATA[create and delete user]]>
  </system-out>
  <testcase name="f" time="0.001" classname="TestNG.Flag7"/>
  <system-out>
    <![CDATA[create and delete user]]>
  </system-out>
  <testcase name="f" time="0.000" classname="TestNG.Flag7"/>
  <system-out>
    <![CDATA[create and delete user]]>
  </system-out>
  <testcase name="f" time="0.001" classname="TestNG.Flag7"/>
  <system-out>
    <![CDATA[create and delete user]]>
  </system-out>
  <testcase name="f" time="0.000" classname="TestNG.Flag7"/>
  <system-out>
    <![CDATA[create and delete user]]>
  </system-out>
  <testcase name="f" time="0.000" classname="TestNG.Flag7"/>
  <system-out>
    <![CDATA[create and delete user]]>
  </system-out>
  <testcase name="f" time="0.000" classname="TestNG.Flag7"/>
  <system-out>
    <![CDATA[create and delete user]]>
  </system-out>
  <testcase name="f" time="0.000" classname="TestNG.Flag7"/>
  <system-out>
    <![CDATA[create and delete user]]>
  </system-out>
  <testcase name="f" time="0.001" classname="TestNG.Flag7"/>
  <system-out>
    <![CDATA[create and delete user]]>
  </system-out>
  <testcase name="f" time="0.002" classname="TestNG.Flag7"/>
  <system-out>
    <![CDATA[create and delete user]]>
  </system-out>
  <testcase name="f" time="0.000" classname="TestNG.Flag7"/>
  <system-out>
    <![CDATA[create and delete user]]>
  </system-out>
  <testcase name="f" time="0.000" classname="TestNG.Flag7"/>
  <system-out>
    <![CDATA[create and delete user]]>
  </system-out>
  <testcase name="f" time="0.001" classname="TestNG.Flag7"/>
  <system-out>
    <![CDATA[create and delete user]]>
  </system-out>
  <testcase name="f" time="0.001" classname="TestNG.Flag7"/>
  <system-out>
    <![CDATA[create and delete user]]>
  </system-out>
  <testcase name="f" time="0.001" classname="TestNG.Flag7"/>
  <system-out>
    <![CDATA[create and delete user]]>
  </system-out>
  <testcase name="f" time="0.000" classname="TestNG.Flag7"/>
  <system-out>
    <![CDATA[create and delete user]]>
  </system-out>
  <testcase name="f" time="0.001" classname="TestNG.Flag7"/>
  <system-out>
    <![CDATA[create and delete user]]>
  </system-out>
  <testcase name="f" time="0.000" classname="TestNG.Flag7"/>
  <system-out>
    <![CDATA[create and delete user]]>
  </system-out>
  <testcase name="f" time="0.000" classname="TestNG.Flag7"/>
  <system-out>
    <![CDATA[create and delete user]]>
  </system-out>
  <testcase name="f" time="0.002" classname="TestNG.Flag7"/>
  <system-out>
    <![CDATA[create and delete user]]>
  </system-out>
  <testcase name="f" time="0.001" classname="TestNG.Flag7"/>
  <system-out>
    <![CDATA[create and delete user]]>
  </system-out>
  <testcase name="f" time="0.000" classname="TestNG.Flag7"/>
  <system-out>
    <![CDATA[create and delete user]]>
  </system-out>
  <testcase name="f" time="0.000" classname="TestNG.Flag7"/>
  <system-out>
    <![CDATA[create and delete user]]>
  </system-out>
  <testcase name="f" time="0.000" classname="TestNG.Flag7"/>
  <system-out>
    <![CDATA[create and delete user]]>
  </system-out>
  <testcase name="f" time="0.000" classname="TestNG.Flag7"/>
  <system-out>
    <![CDATA[create and delete user]]>
  </system-out>
  <testcase name="f" time="0.000" classname="TestNG.Flag7"/>
  <system-out>
    <![CDATA[create and delete user]]>
  </system-out>
  <testcase name="f" time="0.000" classname="TestNG.Flag7"/>
  <system-out>
    <![CDATA[create and delete user]]>
  </system-out>
  <testcase name="f" time="0.001" classname="TestNG.Flag7"/>
  <system-out>
    <![CDATA[create and delete user]]>
  </system-out>
  <testcase name="f" time="0.001" classname="TestNG.Flag7"/>
  <system-out>
    <![CDATA[create and delete user]]>
  </system-out>
  <testcase name="f" time="0.001" classname="TestNG.Flag7"/>
  <system-out>
    <![CDATA[create and delete user]]>
  </system-out>
  <testcase name="f" time="0.000" classname="TestNG.Flag7"/>
  <system-out>
    <![CDATA[create and delete user]]>
  </system-out>
  <testcase name="f" time="0.001" classname="TestNG.Flag7"/>
  <system-out>
    <![CDATA[create and delete user]]>
  </system-out>
  <testcase name="f" time="0.000" classname="TestNG.Flag7"/>
  <system-out>
    <![CDATA[create and delete user]]>
  </system-out>
  <testcase name="f" time="0.000" classname="TestNG.Flag7"/>
  <system-out>
    <![CDATA[create and delete user]]>
  </system-out>
  <testcase name="f" time="0.000" classname="TestNG.Flag7"/>
  <system-out>
    <![CDATA[create and delete user]]>
  </system-out>
  <testcase name="f" time="0.000" classname="TestNG.Flag7"/>
  <system-out>
    <![CDATA[create and delete user]]>
  </system-out>
  <testcase name="f" time="0.000" classname="TestNG.Flag7"/>
  <system-out>
    <![CDATA[create and delete user]]>
  </system-out>
  <testcase name="f" time="0.001" classname="TestNG.Flag7"/>
  <system-out>
    <![CDATA[create and delete user]]>
  </system-out>
  <testcase name="f" time="0.000" classname="TestNG.Flag7"/>
  <system-out>
    <![CDATA[create and delete user]]>
  </system-out>
  <testcase name="f" time="0.000" classname="TestNG.Flag7"/>
  <system-out>
    <![CDATA[create and delete user]]>
  </system-out>
  <testcase name="f" time="0.000" classname="TestNG.Flag7"/>
  <system-out>
    <![CDATA[create and delete user]]>
  </system-out>
  <testcase name="f" time="0.005" classname="TestNG.Flag7"/>
  <system-out>
    <![CDATA[create and delete user]]>
  </system-out>
  <testcase name="f" time="0.000" classname="TestNG.Flag7"/>
  <system-out>
    <![CDATA[create and delete user]]>
  </system-out>
  <testcase name="f" time="0.001" classname="TestNG.Flag7"/>
  <system-out>
    <![CDATA[create and delete user]]>
  </system-out>
  <testcase name="f" time="0.001" classname="TestNG.Flag7"/>
  <system-out>
    <![CDATA[create and delete user]]>
  </system-out>
  <testcase name="f" time="0.000" classname="TestNG.Flag7"/>
  <system-out>
    <![CDATA[create and delete user]]>
  </system-out>
  <testcase name="f" time="0.000" classname="TestNG.Flag7"/>
  <system-out>
    <![CDATA[create and delete user]]>
  </system-out>
  <testcase name="f" time="0.000" classname="TestNG.Flag7"/>
  <system-out>
    <![CDATA[create and delete user]]>
  </system-out>
  <testcase name="f" time="0.000" classname="TestNG.Flag7"/>
  <system-out>
    <![CDATA[create and delete user]]>
  </system-out>
  <testcase name="f" time="0.000" classname="TestNG.Flag7"/>
  <system-out>
    <![CDATA[create and delete user]]>
  </system-out>
  <testcase name="f" time="0.000" classname="TestNG.Flag7"/>
  <system-out>
    <![CDATA[create and delete user]]>
  </system-out>
  <testcase name="f" time="0.001" classname="TestNG.Flag7"/>
  <system-out>
    <![CDATA[create and delete user]]>
  </system-out>
  <testcase name="f" time="0.000" classname="TestNG.Flag7"/>
  <system-out>
    <![CDATA[create and delete user]]>
  </system-out>
  <testcase name="f" time="0.001" classname="TestNG.Flag7"/>
  <system-out>
    <![CDATA[create and delete user]]>
  </system-out>
  <testcase name="f" time="0.000" classname="TestNG.Flag7"/>
  <system-out>
    <![CDATA[create and delete user]]>
  </system-out>
  <testcase name="f" time="0.000" classname="TestNG.Flag7"/>
  <system-out>
    <![CDATA[create and delete user]]>
  </system-out>
  <testcase name="f" time="0.000" classname="TestNG.Flag7"/>
  <system-out>
    <![CDATA[create and delete user]]>
  </system-out>
  <testcase name="f" time="0.001" classname="TestNG.Flag7"/>
  <system-out>
    <![CDATA[create and delete user]]>
  </system-out>
  <testcase name="f" time="0.000" classname="TestNG.Flag7"/>
  <system-out>
    <![CDATA[create and delete user]]>
  </system-out>
  <testcase name="f" time="0.001" classname="TestNG.Flag7"/>
  <system-out>
    <![CDATA[create and delete user]]>
  </system-out>
  <testcase name="f" time="0.001" classname="TestNG.Flag7"/>
  <system-out>
    <![CDATA[create and delete user]]>
  </system-out>
  <testcase name="f" time="0.000" classname="TestNG.Flag7"/>
  <system-out>
    <![CDATA[create and delete user]]>
  </system-out>
  <testcase name="f" time="0.000" classname="TestNG.Flag7"/>
  <system-out>
    <![CDATA[create and delete user]]>
  </system-out>
  <testcase name="f" time="0.000" classname="TestNG.Flag7"/>
  <system-out>
    <![CDATA[create and delete user]]>
  </system-out>
  <testcase name="f" time="0.000" classname="TestNG.Flag7"/>
  <system-out>
    <![CDATA[create and delete user]]>
  </system-out>
  <testcase name="f" time="0.001" classname="TestNG.Flag7"/>
  <system-out>
    <![CDATA[create and delete user]]>
  </system-out>
  <testcase name="f" time="0.000" classname="TestNG.Flag7"/>
  <system-out>
    <![CDATA[create and delete user]]>
  </system-out>
  <testcase name="f" time="0.000" classname="TestNG.Flag7"/>
  <system-out>
    <![CDATA[create and delete user]]>
  </system-out>
  <testcase name="f" time="0.004" classname="TestNG.Flag7"/>
  <system-out>
    <![CDATA[create and delete user]]>
  </system-out>
  <testcase name="f" time="0.000" classname="TestNG.Flag7"/>
  <system-out>
    <![CDATA[create and delete user]]>
  </system-out>
  <testcase name="f" time="0.000" classname="TestNG.Flag7"/>
  <system-out>
    <![CDATA[create and delete user]]>
  </system-out>
  <testcase name="f" time="0.000" classname="TestNG.Flag7"/>
  <system-out>
    <![CDATA[create and delete user]]>
  </system-out>
  <testcase name="f" time="0.000" classname="TestNG.Flag7"/>
  <system-out>
    <![CDATA[create and delete user]]>
  </system-out>
  <testcase name="f" time="0.000" classname="TestNG.Flag7"/>
  <system-out>
    <![CDATA[create and delete user]]>
  </system-out>
  <testcase name="f" time="0.000" classname="TestNG.Flag7"/>
  <system-out>
    <![CDATA[create and delete user]]>
  </system-out>
  <testcase name="f" time="0.000" classname="TestNG.Flag7"/>
  <system-out>
    <![CDATA[create and delete user]]>
  </system-out>
  <testcase name="f" time="0.000" classname="TestNG.Flag7"/>
  <system-out>
    <![CDATA[create and delete user]]>
  </system-out>
  <testcase name="f" time="0.000" classname="TestNG.Flag7"/>
  <system-out>
    <![CDATA[create and delete user]]>
  </system-out>
  <testcase name="f" time="0.001" classname="TestNG.Flag7"/>
  <system-out>
    <![CDATA[create and delete user]]>
  </system-out>
  <testcase name="f" time="0.000" classname="TestNG.Flag7"/>
  <system-out>
    <![CDATA[create and delete user]]>
  </system-out>
  <testcase name="f" time="0.000" classname="TestNG.Flag7"/>
  <system-out>
    <![CDATA[create and delete user]]>
  </system-out>
  <testcase name="f" time="0.000" classname="TestNG.Flag7"/>
  <system-out>
    <![CDATA[create and delete user]]>
  </system-out>
  <testcase name="f" time="0.000" classname="TestNG.Flag7"/>
  <system-out>
    <![CDATA[create and delete user]]>
  </system-out>
  <testcase name="f" time="0.001" classname="TestNG.Flag7"/>
  <system-out>
    <![CDATA[create and delete user]]>
  </system-out>
  <testcase name="f" time="0.000" classname="TestNG.Flag7"/>
  <system-out>
    <![CDATA[create and delete user]]>
  </system-out>
  <testcase name="f" time="0.001" classname="TestNG.Flag7"/>
  <system-out>
    <![CDATA[create and delete user]]>
  </system-out>
  <testcase name="f" time="0.000" classname="TestNG.Flag7"/>
  <system-out>
    <![CDATA[create and delete user]]>
  </system-out>
  <testcase name="f" time="0.003" classname="TestNG.Flag7"/>
  <system-out>
    <![CDATA[create and delete user]]>
  </system-out>
  <testcase name="f" time="0.001" classname="TestNG.Flag7"/>
  <system-out>
    <![CDATA[create and delete user]]>
  </system-out>
  <testcase name="f" time="0.000" classname="TestNG.Flag7"/>
  <system-out>
    <![CDATA[create and delete user]]>
  </system-out>
  <testcase name="f" time="0.000" classname="TestNG.Flag7"/>
  <system-out>
    <![CDATA[create and delete user]]>
  </system-out>
  <testcase name="f" time="0.000" classname="TestNG.Flag7"/>
  <system-out>
    <![CDATA[create and delete user]]>
  </system-out>
  <testcase name="f" time="0.000" classname="TestNG.Flag7"/>
  <system-out>
    <![CDATA[create and delete user]]>
  </system-out>
  <testcase name="f" time="0.001" classname="TestNG.Flag7"/>
  <system-out>
    <![CDATA[create and delete user]]>
  </system-out>
  <testcase name="f" time="0.000" classname="TestNG.Flag7"/>
  <system-out>
    <![CDATA[create and delete user]]>
  </system-out>
  <testcase name="f" time="0.000" classname="TestNG.Flag7"/>
  <system-out>
    <![CDATA[create and delete user]]>
  </system-out>
  <testcase name="f" time="0.001" classname="TestNG.Flag7"/>
  <system-out>
    <![CDATA[create and delete user]]>
  </system-out>
  <testcase name="f" time="0.000" classname="TestNG.Flag7"/>
  <system-out>
    <![CDATA[create and delete user]]>
  </system-out>
  <testcase name="f" time="0.000" classname="TestNG.Flag7"/>
  <system-out>
    <![CDATA[create and delete user]]>
  </system-out>
  <testcase name="f" time="0.001" classname="TestNG.Flag7"/>
  <system-out>
    <![CDATA[create and delete user]]>
  </system-out>
  <testcase name="f" time="0.001" classname="TestNG.Flag7"/>
  <system-out>
    <![CDATA[create and delete user]]>
  </system-out>
  <testcase name="f" time="0.000" classname="TestNG.Flag7"/>
  <system-out>
    <![CDATA[create and delete user]]>
  </system-out>
  <testcase name="f" time="0.001" classname="TestNG.Flag7"/>
  <system-out>
    <![CDATA[create and delete user]]>
  </system-out>
  <testcase name="f" time="0.001" classname="TestNG.Flag7"/>
  <system-out>
    <![CDATA[create and delete user]]>
  </system-out>
  <testcase name="f" time="0.001" classname="TestNG.Flag7"/>
  <system-out>
    <![CDATA[create and delete user]]>
  </system-out>
  <testcase name="f" time="0.000" classname="TestNG.Flag7"/>
  <system-out>
    <![CDATA[create and delete user]]>
  </system-out>
  <testcase name="f" time="0.000" classname="TestNG.Flag7"/>
  <system-out>
    <![CDATA[create and delete user]]>
  </system-out>
  <testcase name="f" time="0.000" classname="TestNG.Flag7"/>
  <system-out>
    <![CDATA[create and delete user]]>
  </system-out>
  <testcase name="f" time="0.000" classname="TestNG.Flag7"/>
  <system-out>
    <![CDATA[create and delete user]]>
  </system-out>
  <testcase name="f" time="0.000" classname="TestNG.Flag7"/>
  <system-out>
    <![CDATA[create and delete user]]>
  </system-out>
  <testcase name="f" time="0.001" classname="TestNG.Flag7"/>
  <system-out>
    <![CDATA[create and delete user]]>
  </system-out>
  <testcase name="f" time="0.000" classname="TestNG.Flag7"/>
  <system-out>
    <![CDATA[create and delete user]]>
  </system-out>
  <testcase name="f" time="0.000" classname="TestNG.Flag7"/>
  <system-out>
    <![CDATA[create and delete user]]>
  </system-out>
  <testcase name="f" time="0.001" classname="TestNG.Flag7"/>
  <system-out>
    <![CDATA[create and delete user]]>
  </system-out>
  <testcase name="f" time="0.000" classname="TestNG.Flag7"/>
  <system-out>
    <![CDATA[create and delete user]]>
  </system-out>
  <testcase name="f" time="0.000" classname="TestNG.Flag7"/>
  <system-out>
    <![CDATA[create and delete user]]>
  </system-out>
  <testcase name="f" time="0.000" classname="TestNG.Flag7"/>
  <system-out>
    <![CDATA[create and delete user]]>
  </system-out>
  <testcase name="f" time="0.001" classname="TestNG.Flag7"/>
  <system-out>
    <![CDATA[create and delete user]]>
  </system-out>
  <testcase name="f" time="0.001" classname="TestNG.Flag7"/>
  <system-out>
    <![CDATA[create and delete user]]>
  </system-out>
  <testcase name="f" time="0.000" classname="TestNG.Flag7"/>
  <system-out>
    <![CDATA[create and delete user]]>
  </system-out>
  <testcase name="f" time="0.000" classname="TestNG.Flag7"/>
  <system-out>
    <![CDATA[create and delete user]]>
  </system-out>
  <testcase name="f" time="0.002" classname="TestNG.Flag7"/>
  <system-out>
    <![CDATA[create and delete user]]>
  </system-out>
  <testcase name="f" time="0.001" classname="TestNG.Flag7"/>
  <system-out>
    <![CDATA[create and delete user]]>
  </system-out>
  <testcase name="f" time="0.000" classname="TestNG.Flag7"/>
  <system-out>
    <![CDATA[create and delete user]]>
  </system-out>
  <testcase name="f" time="0.002" classname="TestNG.Flag7"/>
  <system-out>
    <![CDATA[create and delete user]]>
  </system-out>
  <testcase name="f" time="0.000" classname="TestNG.Flag7"/>
  <system-out>
    <![CDATA[create and delete user]]>
  </system-out>
  <testcase name="f" time="0.001" classname="TestNG.Flag7"/>
  <system-out>
    <![CDATA[create and delete user]]>
  </system-out>
  <testcase name="f" time="0.001" classname="TestNG.Flag7"/>
  <system-out>
    <![CDATA[create and delete user]]>
  </system-out>
  <testcase name="f" time="0.001" classname="TestNG.Flag7"/>
  <system-out>
    <![CDATA[create and delete user]]>
  </system-out>
  <testcase name="f" time="0.000" classname="TestNG.Flag7"/>
  <system-out>
    <![CDATA[create and delete user]]>
  </system-out>
  <testcase name="f" time="0.000" classname="TestNG.Flag7"/>
  <system-out>
    <![CDATA[create and delete user]]>
  </system-out>
</testsuite> <!-- TestNG.Flag7 -->
